21/09/2014 10:50:44.987] - [INFO] - Client starting
21/09/2014 10:50:45.085] - [INFO] - [id: 0xa9d8a0e1] OPEN
21/09/2014 10:50:45.093] - [INFO] - [id: 0xa9d8a0e1, /127.0.0.1:46919 => localhost/127.0.0.1:19999] BOUND: /127.0.0.1:46919
21/09/2014 10:50:45.094] - [INFO] - [id: 0xa9d8a0e1, /127.0.0.1:46919 => localhost/127.0.0.1:19999] CONNECTED: localhost/127.0.0.1:19999
21/09/2014 10:50:45.569] - [INFO] - writing response back for turn 1 for player 1
21/09/2014 10:50:45.583] - [INFO] - message sent: took 55,895,236
21/09/2014 10:50:45.652] - [INFO] - writing response back for turn 2 for player 1
21/09/2014 10:50:45.654] - [INFO] - message sent: took 35,973,211
21/09/2014 10:50:45.747] - [INFO] - writing response back for turn 3 for player 1
21/09/2014 10:50:45.750] - [INFO] - message sent: took 17,930,720
21/09/2014 10:50:45.844] - [INFO] - writing response back for turn 4 for player 1
21/09/2014 10:50:45.845] - [INFO] - message sent: took 13,817,496
21/09/2014 10:50:45.943] - [INFO] - writing response back for turn 5 for player 1
21/09/2014 10:50:45.945] - [INFO] - message sent: took 11,806,754
21/09/2014 10:50:46.050] - [INFO] - writing response back for turn 6 for player 1
21/09/2014 10:50:46.051] - [INFO] - message sent: took 10,026,377
21/09/2014 10:50:46.136] - [INFO] - writing response back for turn 7 for player 1
21/09/2014 10:50:46.137] - [INFO] - message sent: took 9,606,786
21/09/2014 10:50:46.228] - [INFO] - writing response back for turn 8 for player 1
21/09/2014 10:50:46.230] - [INFO] - message sent: took 10,268,004
21/09/2014 10:50:46.320] - [INFO] - writing response back for turn 9 for player 1
21/09/2014 10:50:46.322] - [INFO] - message sent: took 9,543,574
21/09/2014 10:50:46.428] - [INFO] - writing response back for turn 10 for player 1
21/09/2014 10:50:46.429] - [INFO] - message sent: took 9,409,709
21/09/2014 10:50:46.516] - [INFO] - writing response back for turn 11 for player 1
21/09/2014 10:50:46.517] - [INFO] - message sent: took 9,141,283
21/09/2014 10:50:46.607] - [INFO] - writing response back for turn 12 for player 1
21/09/2014 10:50:46.609] - [INFO] - message sent: took 9,097,292
21/09/2014 10:50:46.699] - [INFO] - writing response back for turn 13 for player 1
21/09/2014 10:50:46.700] - [INFO] - message sent: took 8,803,740
21/09/2014 10:50:46.795] - [INFO] - writing response back for turn 14 for player 1
21/09/2014 10:50:46.796] - [INFO] - message sent: took 8,765,200
21/09/2014 10:50:46.901] - [INFO] - writing response back for turn 15 for player 1
21/09/2014 10:50:46.903] - [INFO] - message sent: took 8,259,649
21/09/2014 10:50:46.996] - [INFO] - writing response back for turn 16 for player 1
21/09/2014 10:50:46.997] - [INFO] - message sent: took 8,209,273
21/09/2014 10:50:47.094] - [INFO] - writing response back for turn 17 for player 1
21/09/2014 10:50:47.102] - [INFO] - message sent: took 15,091,185
21/09/2014 10:50:47.191] - [INFO] - writing response back for turn 18 for player 1
21/09/2014 10:50:47.192] - [INFO] - message sent: took 8,506,319
21/09/2014 10:50:47.279] - [INFO] - writing response back for turn 19 for player 1
21/09/2014 10:50:47.280] - [INFO] - message sent: took 8,285,694
21/09/2014 10:50:47.371] - [INFO] - writing response back for turn 20 for player 1
21/09/2014 10:50:47.372] - [INFO] - message sent: took 8,254,552
21/09/2014 10:50:47.459] - [INFO] - writing response back for turn 21 for player 1
21/09/2014 10:50:47.460] - [INFO] - message sent: took 8,452,292
21/09/2014 10:50:47.556] - [INFO] - writing response back for turn 22 for player 1
21/09/2014 10:50:47.557] - [INFO] - message sent: took 9,797,095
21/09/2014 10:50:47.646] - [INFO] - writing response back for turn 23 for player 1
21/09/2014 10:50:47.648] - [INFO] - message sent: took 11,132,451
21/09/2014 10:50:47.737] - [INFO] - writing response back for turn 24 for player 1
21/09/2014 10:50:47.738] - [INFO] - message sent: took 10,840,395
21/09/2014 10:50:47.833] - [INFO] - writing response back for turn 25 for player 1
21/09/2014 10:50:47.834] - [INFO] - message sent: took 10,819,660
21/09/2014 10:50:47.932] - [INFO] - writing response back for turn 26 for player 1
21/09/2014 10:50:47.933] - [INFO] - message sent: took 8,304,929
21/09/2014 10:50:48.020] - [INFO] - writing response back for turn 27 for player 1
21/09/2014 10:50:48.021] - [INFO] - message sent: took 9,770,208
21/09/2014 10:50:48.117] - [INFO] - writing response back for turn 28 for player 1
21/09/2014 10:50:48.118] - [INFO] - message sent: took 10,393,684
21/09/2014 10:50:48.207] - [INFO] - writing response back for turn 29 for player 1
21/09/2014 10:50:48.208] - [INFO] - message sent: took 8,430,171
21/09/2014 10:50:48.299] - [INFO] - writing response back for turn 30 for player 1
21/09/2014 10:50:48.300] - [INFO] - message sent: took 8,057,834
21/09/2014 10:50:48.390] - [INFO] - writing response back for turn 31 for player 1
21/09/2014 10:50:48.392] - [INFO] - message sent: took 9,374,917
21/09/2014 10:50:48.480] - [INFO] - writing response back for turn 32 for player 1
21/09/2014 10:50:48.481] - [INFO] - message sent: took 9,371,444
21/09/2014 10:50:48.571] - [INFO] - writing response back for turn 33 for player 1
21/09/2014 10:50:48.572] - [INFO] - message sent: took 8,125,150
21/09/2014 10:50:48.659] - [INFO] - writing response back for turn 34 for player 1
21/09/2014 10:50:48.665] - [INFO] - message sent: took 13,503,760
21/09/2014 10:50:48.754] - [INFO] - writing response back for turn 35 for player 1
21/09/2014 10:50:48.755] - [INFO] - message sent: took 7,553,289
21/09/2014 10:50:48.847] - [INFO] - writing response back for turn 36 for player 1
21/09/2014 10:50:48.847] - [INFO] - message sent: took 7,891,883
21/09/2014 10:50:48.934] - [INFO] - writing response back for turn 37 for player 1
21/09/2014 10:50:48.935] - [INFO] - message sent: took 7,405,048
21/09/2014 10:50:49.026] - [INFO] - writing response back for turn 38 for player 1
21/09/2014 10:50:49.027] - [INFO] - message sent: took 7,344,282
21/09/2014 10:50:49.114] - [INFO] - writing response back for turn 39 for player 1
21/09/2014 10:50:49.115] - [INFO] - message sent: took 7,211,254
21/09/2014 10:50:49.214] - [INFO] - writing response back for turn 40 for player 1
21/09/2014 10:50:49.215] - [INFO] - message sent: took 7,232,716
21/09/2014 10:50:49.302] - [INFO] - writing response back for turn 41 for player 1
21/09/2014 10:50:49.303] - [INFO] - message sent: took 7,594,308
21/09/2014 10:50:49.390] - [INFO] - writing response back for turn 42 for player 1
21/09/2014 10:50:49.391] - [INFO] - message sent: took 7,696,665
21/09/2014 10:50:49.488] - [INFO] - writing response back for turn 43 for player 1
21/09/2014 10:50:49.489] - [INFO] - message sent: took 15,660,128
21/09/2014 10:50:49.575] - [INFO] - writing response back for turn 44 for player 1
21/09/2014 10:50:49.576] - [INFO] - message sent: took 7,985,467
21/09/2014 10:50:49.663] - [INFO] - writing response back for turn 45 for player 1
21/09/2014 10:50:49.664] - [INFO] - message sent: took 8,518,589
21/09/2014 10:50:49.759] - [INFO] - writing response back for turn 46 for player 1
21/09/2014 10:50:49.760] - [INFO] - message sent: took 16,766,246
21/09/2014 10:50:49.852] - [INFO] - writing response back for turn 47 for player 1
21/09/2014 10:50:49.852] - [INFO] - message sent: took 8,764,251
21/09/2014 10:50:49.938] - [INFO] - writing response back for turn 48 for player 1
21/09/2014 10:50:49.939] - [INFO] - message sent: took 7,710,098
21/09/2014 10:50:50.026] - [INFO] - writing response back for turn 49 for player 1
21/09/2014 10:50:50.027] - [INFO] - message sent: took 7,498,575
21/09/2014 10:50:50.118] - [INFO] - writing response back for turn 50 for player 1
21/09/2014 10:50:50.119] - [INFO] - message sent: took 7,600,050
21/09/2014 10:50:50.212] - [INFO] - writing response back for turn 51 for player 1
21/09/2014 10:50:50.213] - [INFO] - message sent: took 8,164,159
21/09/2014 10:50:50.319] - [INFO] - writing response back for turn 52 for player 1
21/09/2014 10:50:50.332] - [INFO] - message sent: took 20,738,170
21/09/2014 10:50:50.421] - [INFO] - writing response back for turn 53 for player 1
21/09/2014 10:50:50.421] - [INFO] - message sent: took 9,950,740
21/09/2014 10:50:50.513] - [INFO] - writing response back for turn 54 for player 1
21/09/2014 10:50:50.514] - [INFO] - message sent: took 8,885,170
21/09/2014 10:50:50.604] - [INFO] - writing response back for turn 55 for player 1
21/09/2014 10:50:50.611] - [INFO] - message sent: took 15,403,903
21/09/2014 10:50:50.699] - [INFO] - writing response back for turn 56 for player 1
21/09/2014 10:50:50.700] - [INFO] - message sent: took 8,489,549
21/09/2014 10:50:50.795] - [INFO] - writing response back for turn 57 for player 1
21/09/2014 10:50:50.796] - [INFO] - message sent: took 8,404,472
21/09/2014 10:50:50.887] - [INFO] - writing response back for turn 58 for player 1
21/09/2014 10:50:50.888] - [INFO] - message sent: took 8,621,429
21/09/2014 10:50:50.976] - [INFO] - writing response back for turn 59 for player 1
21/09/2014 10:50:50.976] - [INFO] - message sent: took 8,846,773
21/09/2014 10:50:51.064] - [INFO] - writing response back for turn 60 for player 1
21/09/2014 10:50:51.064] - [INFO] - message sent: took 8,856,019
21/09/2014 10:50:51.168] - [INFO] - writing response back for turn 61 for player 1
21/09/2014 10:50:51.182] - [INFO] - message sent: took 22,370,810
21/09/2014 10:50:51.267] - [INFO] - writing response back for turn 62 for player 1
21/09/2014 10:50:51.268] - [INFO] - message sent: took 7,965,700
21/09/2014 10:50:51.355] - [INFO] - writing response back for turn 63 for player 1
21/09/2014 10:50:51.358] - [INFO] - message sent: took 9,930,879
21/09/2014 10:50:51.447] - [INFO] - writing response back for turn 64 for player 1
21/09/2014 10:50:51.448] - [INFO] - message sent: took 8,035,272
21/09/2014 10:50:51.539] - [INFO] - writing response back for turn 65 for player 1
21/09/2014 10:50:51.540] - [INFO] - message sent: took 8,533,024
21/09/2014 10:50:51.627] - [INFO] - writing response back for turn 66 for player 1
21/09/2014 10:50:51.628] - [INFO] - message sent: took 8,116,341
21/09/2014 10:50:51.715] - [INFO] - writing response back for turn 67 for player 1
21/09/2014 10:50:51.715] - [INFO] - message sent: took 7,832,277
21/09/2014 10:50:51.805] - [INFO] - writing response back for turn 68 for player 1
21/09/2014 10:50:51.806] - [INFO] - message sent: took 10,486,611
21/09/2014 10:50:51.892] - [INFO] - writing response back for turn 69 for player 1
21/09/2014 10:50:51.893] - [INFO] - message sent: took 9,136,993
21/09/2014 10:50:51.982] - [INFO] - writing response back for turn 70 for player 1
21/09/2014 10:50:51.983] - [INFO] - message sent: took 8,151,512
21/09/2014 10:50:52.075] - [INFO] - writing response back for turn 71 for player 1
21/09/2014 10:50:52.075] - [INFO] - message sent: took 7,725,190
21/09/2014 10:50:52.170] - [INFO] - writing response back for turn 72 for player 1
21/09/2014 10:50:52.171] - [INFO] - message sent: took 7,511,776
21/09/2014 10:50:52.254] - [INFO] - writing response back for turn 73 for player 1
21/09/2014 10:50:52.255] - [INFO] - message sent: took 7,343,582
21/09/2014 10:50:52.341] - [INFO] - writing response back for turn 74 for player 1
21/09/2014 10:50:52.342] - [INFO] - message sent: took 6,780,482
21/09/2014 10:50:52.437] - [INFO] - writing response back for turn 75 for player 1
21/09/2014 10:50:52.438] - [INFO] - message sent: took 6,344,726
21/09/2014 10:50:52.522] - [INFO] - writing response back for turn 76 for player 1
21/09/2014 10:50:52.523] - [INFO] - message sent: took 7,114,626
21/09/2014 10:50:52.614] - [INFO] - writing response back for turn 77 for player 1
21/09/2014 10:50:52.615] - [INFO] - message sent: took 7,239,864
21/09/2014 10:50:52.702] - [INFO] - writing response back for turn 78 for player 1
21/09/2014 10:50:52.703] - [INFO] - message sent: took 7,082,639
21/09/2014 10:50:52.790] - [INFO] - writing response back for turn 79 for player 1
21/09/2014 10:50:52.791] - [INFO] - message sent: took 6,972,223
21/09/2014 10:50:52.881] - [INFO] - writing response back for turn 80 for player 1
21/09/2014 10:50:52.882] - [INFO] - message sent: took 7,696,870
21/09/2014 10:50:52.966] - [INFO] - writing response back for turn 81 for player 1
21/09/2014 10:50:52.966] - [INFO] - message sent: took 6,911,149
21/09/2014 10:50:53.054] - [INFO] - writing response back for turn 82 for player 1
21/09/2014 10:50:53.055] - [INFO] - message sent: took 6,921,926
21/09/2014 10:50:53.142] - [INFO] - writing response back for turn 83 for player 1
21/09/2014 10:50:53.143] - [INFO] - message sent: took 7,260,507
21/09/2014 10:50:53.229] - [INFO] - writing response back for turn 84 for player 1
21/09/2014 10:50:53.230] - [INFO] - message sent: took 6,278,184
21/09/2014 10:50:53.313] - [INFO] - writing response back for turn 85 for player 1
21/09/2014 10:50:53.314] - [INFO] - message sent: took 6,347,613
21/09/2014 10:50:53.402] - [INFO] - writing response back for turn 86 for player 1
21/09/2014 10:50:53.403] - [INFO] - message sent: took 7,004,786
21/09/2014 10:50:53.489] - [INFO] - writing response back for turn 87 for player 1
21/09/2014 10:50:53.490] - [INFO] - message sent: took 6,258,419
21/09/2014 10:50:53.583] - [INFO] - writing response back for turn 88 for player 1
21/09/2014 10:50:53.584] - [INFO] - message sent: took 6,068,815
21/09/2014 10:50:53.669] - [INFO] - writing response back for turn 89 for player 1
21/09/2014 10:50:53.670] - [INFO] - message sent: took 6,132,965
21/09/2014 10:50:53.757] - [INFO] - writing response back for turn 90 for player 1
21/09/2014 10:50:53.758] - [INFO] - message sent: took 6,138,508
21/09/2014 10:50:53.845] - [INFO] - writing response back for turn 91 for player 1
21/09/2014 10:50:53.846] - [INFO] - message sent: took 6,145,458
21/09/2014 10:50:53.933] - [INFO] - writing response back for turn 92 for player 1
21/09/2014 10:50:53.934] - [INFO] - message sent: took 6,111,027
21/09/2014 10:50:54.017] - [INFO] - writing response back for turn 93 for player 1
21/09/2014 10:50:54.018] - [INFO] - message sent: took 6,110,115
21/09/2014 10:50:54.109] - [INFO] - writing response back for turn 94 for player 1
21/09/2014 10:50:54.110] - [INFO] - message sent: took 6,876,535
21/09/2014 10:50:54.197] - [INFO] - writing response back for turn 95 for player 1
21/09/2014 10:50:54.198] - [INFO] - message sent: took 6,403,172
21/09/2014 10:50:54.286] - [INFO] - writing response back for turn 96 for player 1
21/09/2014 10:50:54.286] - [INFO] - message sent: took 6,888,101
21/09/2014 10:50:54.375] - [INFO] - writing response back for turn 97 for player 1
21/09/2014 10:50:54.376] - [INFO] - message sent: took 6,805,832
21/09/2014 10:50:54.462] - [INFO] - writing response back for turn 98 for player 1
21/09/2014 10:50:54.462] - [INFO] - message sent: took 6,942,810
21/09/2014 10:50:54.552] - [INFO] - writing response back for turn 99 for player 1
21/09/2014 10:50:54.553] - [INFO] - message sent: took 6,795,464
21/09/2014 10:50:54.638] - [INFO] - writing response back for turn 100 for player 1
21/09/2014 10:50:54.638] - [INFO] - message sent: took 6,919,705
21/09/2014 10:50:54.726] - [INFO] - writing response back for turn 101 for player 1
21/09/2014 10:50:54.726] - [INFO] - message sent: took 6,846,480
21/09/2014 10:50:54.819] - [INFO] - writing response back for turn 102 for player 1
21/09/2014 10:50:54.823] - [INFO] - message sent: took 15,771,075
21/09/2014 10:50:54.910] - [INFO] - writing response back for turn 103 for player 1
21/09/2014 10:50:54.911] - [INFO] - message sent: took 7,134,798
21/09/2014 10:50:55.005] - [INFO] - writing response back for turn 104 for player 1
21/09/2014 10:50:55.009] - [INFO] - message sent: took 9,175,288
21/09/2014 10:50:55.101] - [INFO] - writing response back for turn 105 for player 1
21/09/2014 10:50:55.102] - [INFO] - message sent: took 6,648,296
21/09/2014 10:50:55.201] - [INFO] - writing response back for turn 106 for player 1
21/09/2014 10:50:55.201] - [INFO] - message sent: took 6,508,871
21/09/2014 10:50:55.285] - [INFO] - writing response back for turn 107 for player 1
21/09/2014 10:50:55.286] - [INFO] - message sent: took 6,415,003
21/09/2014 10:50:55.372] - [INFO] - writing response back for turn 108 for player 1
21/09/2014 10:50:55.373] - [INFO] - message sent: took 6,705,169
21/09/2014 10:50:55.457] - [INFO] - writing response back for turn 109 for player 1
21/09/2014 10:50:55.458] - [INFO] - message sent: took 6,617,120
21/09/2014 10:50:55.546] - [INFO] - writing response back for turn 110 for player 1
21/09/2014 10:50:55.547] - [INFO] - message sent: took 6,802,712
21/09/2014 10:50:55.634] - [INFO] - writing response back for turn 111 for player 1
21/09/2014 10:50:55.635] - [INFO] - message sent: took 7,003,459
21/09/2014 10:50:55.722] - [INFO] - writing response back for turn 112 for player 1
21/09/2014 10:50:55.723] - [INFO] - message sent: took 7,311,601
21/09/2014 10:50:55.806] - [INFO] - writing response back for turn 113 for player 1
21/09/2014 10:50:55.806] - [INFO] - message sent: took 6,622,593
21/09/2014 10:50:55.893] - [INFO] - writing response back for turn 114 for player 1
21/09/2014 10:50:55.894] - [INFO] - message sent: took 6,652,953
21/09/2014 10:50:55.978] - [INFO] - writing response back for turn 115 for player 1
21/09/2014 10:50:55.978] - [INFO] - message sent: took 6,677,182
21/09/2014 10:50:56.067] - [INFO] - writing response back for turn 116 for player 1
21/09/2014 10:50:56.067] - [INFO] - message sent: took 6,507,113
21/09/2014 10:50:56.153] - [INFO] - writing response back for turn 117 for player 1
21/09/2014 10:50:56.154] - [INFO] - message sent: took 6,286,002
21/09/2014 10:50:56.247] - [INFO] - writing response back for turn 118 for player 1
21/09/2014 10:50:56.248] - [INFO] - message sent: took 6,559,455
21/09/2014 10:50:56.334] - [INFO] - writing response back for turn 119 for player 1
21/09/2014 10:50:56.334] - [INFO] - message sent: took 6,940,749
21/09/2014 10:50:56.418] - [INFO] - writing response back for turn 120 for player 1
21/09/2014 10:50:56.418] - [INFO] - message sent: took 6,693,509
21/09/2014 10:50:56.502] - [INFO] - writing response back for turn 121 for player 1
21/09/2014 10:50:56.502] - [INFO] - message sent: took 6,716,354
21/09/2014 10:50:56.594] - [INFO] - writing response back for turn 122 for player 1
21/09/2014 10:50:56.594] - [INFO] - message sent: took 6,746,906
21/09/2014 10:50:56.681] - [INFO] - writing response back for turn 123 for player 1
21/09/2014 10:50:56.682] - [INFO] - message sent: took 6,466,048
21/09/2014 10:50:56.765] - [INFO] - writing response back for turn 124 for player 1
21/09/2014 10:50:56.766] - [INFO] - message sent: took 6,374,021
21/09/2014 10:50:56.853] - [INFO] - writing response back for turn 125 for player 1
21/09/2014 10:50:56.854] - [INFO] - message sent: took 6,075,938
21/09/2014 10:50:56.941] - [INFO] - writing response back for turn 126 for player 1
21/09/2014 10:50:56.942] - [INFO] - message sent: took 6,604,517
21/09/2014 10:50:57.041] - [INFO] - writing response back for turn 127 for player 1
21/09/2014 10:50:57.042] - [INFO] - message sent: took 6,314,069
21/09/2014 10:50:57.134] - [INFO] - writing response back for turn 128 for player 1
21/09/2014 10:50:57.135] - [INFO] - message sent: took 6,667,099
21/09/2014 10:50:57.230] - [INFO] - writing response back for turn 129 for player 1
21/09/2014 10:50:57.230] - [INFO] - message sent: took 6,709,458
21/09/2014 10:50:57.317] - [INFO] - writing response back for turn 130 for player 1
21/09/2014 10:50:57.318] - [INFO] - message sent: took 6,532,510
21/09/2014 10:50:57.407] - [INFO] - writing response back for turn 131 for player 1
21/09/2014 10:50:57.407] - [INFO] - message sent: took 6,261,294
21/09/2014 10:50:57.493] - [INFO] - writing response back for turn 132 for player 1
21/09/2014 10:50:57.494] - [INFO] - message sent: took 6,302,814
21/09/2014 10:50:57.584] - [INFO] - writing response back for turn 133 for player 1
21/09/2014 10:50:57.584] - [INFO] - message sent: took 6,043,773
21/09/2014 10:50:57.669] - [INFO] - writing response back for turn 134 for player 1
21/09/2014 10:50:57.670] - [INFO] - message sent: took 6,405,162
21/09/2014 10:50:57.762] - [INFO] - writing response back for turn 135 for player 1
21/09/2014 10:50:57.763] - [INFO] - message sent: took 7,036,149
21/09/2014 10:50:57.845] - [INFO] - writing response back for turn 136 for player 1
21/09/2014 10:50:57.846] - [INFO] - message sent: took 6,392,073
21/09/2014 10:50:57.930] - [INFO] - writing response back for turn 137 for player 1
21/09/2014 10:50:57.931] - [INFO] - message sent: took 6,388,239
21/09/2014 10:50:58.014] - [INFO] - writing response back for turn 138 for player 1
21/09/2014 10:50:58.018] - [INFO] - message sent: took 10,169,182
21/09/2014 10:50:58.102] - [INFO] - writing response back for turn 139 for player 1
21/09/2014 10:50:58.103] - [INFO] - message sent: took 6,401,026
21/09/2014 10:50:58.186] - [INFO] - writing response back for turn 140 for player 1
21/09/2014 10:50:58.186] - [INFO] - message sent: took 6,950,487
21/09/2014 10:50:58.269] - [INFO] - writing response back for turn 141 for player 1
21/09/2014 10:50:58.270] - [INFO] - message sent: took 6,314,769
21/09/2014 10:50:58.365] - [INFO] - writing response back for turn 142 for player 1
21/09/2014 10:50:58.366] - [INFO] - message sent: took 6,441,855
21/09/2014 10:50:58.449] - [INFO] - writing response back for turn 143 for player 1
21/09/2014 10:50:58.450] - [INFO] - message sent: took 6,321,602
21/09/2014 10:50:58.533] - [INFO] - writing response back for turn 144 for player 1
21/09/2014 10:50:58.534] - [INFO] - message sent: took 5,972,605
21/09/2014 10:50:58.625] - [INFO] - writing response back for turn 145 for player 1
21/09/2014 10:50:58.626] - [INFO] - message sent: took 6,121,878
21/09/2014 10:50:58.709] - [INFO] - writing response back for turn 146 for player 1
21/09/2014 10:50:58.710] - [INFO] - message sent: took 6,331,149
21/09/2014 10:50:58.801] - [INFO] - writing response back for turn 147 for player 1
21/09/2014 10:50:58.802] - [INFO] - message sent: took 6,284,461
21/09/2014 10:50:58.899] - [INFO] - writing response back for turn 148 for player 1
21/09/2014 10:50:58.900] - [INFO] - message sent: took 8,630,342
21/09/2014 10:50:58.985] - [INFO] - writing response back for turn 149 for player 1
21/09/2014 10:50:58.986] - [INFO] - message sent: took 6,453,114
21/09/2014 10:50:59.069] - [INFO] - writing response back for turn 150 for player 1
21/09/2014 10:50:59.070] - [INFO] - message sent: took 6,469,748
21/09/2014 10:50:59.153] - [INFO] - writing response back for turn 151 for player 1
21/09/2014 10:50:59.154] - [INFO] - message sent: took 6,395,797
21/09/2014 10:50:59.237] - [INFO] - writing response back for turn 152 for player 1
21/09/2014 10:50:59.238] - [INFO] - message sent: took 6,537,096
21/09/2014 10:50:59.321] - [INFO] - writing response back for turn 153 for player 1
21/09/2014 10:50:59.322] - [INFO] - message sent: took 6,262,686
21/09/2014 10:50:59.405] - [INFO] - writing response back for turn 154 for player 1
21/09/2014 10:50:59.406] - [INFO] - message sent: took 6,374,009
21/09/2014 10:50:59.489] - [INFO] - writing response back for turn 155 for player 1
21/09/2014 10:50:59.490] - [INFO] - message sent: took 6,304,071
21/09/2014 10:50:59.573] - [INFO] - writing response back for turn 156 for player 1
21/09/2014 10:50:59.574] - [INFO] - message sent: took 6,263,590
21/09/2014 10:50:59.661] - [INFO] - writing response back for turn 157 for player 1
21/09/2014 10:50:59.662] - [INFO] - message sent: took 6,222,774
21/09/2014 10:50:59.745] - [INFO] - writing response back for turn 158 for player 1
21/09/2014 10:50:59.746] - [INFO] - message sent: took 6,311,754
21/09/2014 10:50:59.833] - [INFO] - writing response back for turn 159 for player 1
21/09/2014 10:50:59.834] - [INFO] - message sent: took 6,243,641
21/09/2014 10:50:59.918] - [INFO] - writing response back for turn 160 for player 1
21/09/2014 10:50:59.919] - [INFO] - message sent: took 6,220,147
21/09/2014 10:51:00.001] - [INFO] - writing response back for turn 161 for player 1
21/09/2014 10:51:00.002] - [INFO] - message sent: took 6,053,333
21/09/2014 10:51:00.085] - [INFO] - writing response back for turn 162 for player 1
21/09/2014 10:51:00.086] - [INFO] - message sent: took 6,036,269
21/09/2014 10:51:00.169] - [INFO] - writing response back for turn 163 for player 1
21/09/2014 10:51:00.170] - [INFO] - message sent: took 6,061,493
21/09/2014 10:51:00.254] - [INFO] - writing response back for turn 164 for player 1
21/09/2014 10:51:00.255] - [INFO] - message sent: took 5,967,500
21/09/2014 10:51:00.337] - [INFO] - writing response back for turn 165 for player 1
21/09/2014 10:51:00.338] - [INFO] - message sent: took 6,075,203
21/09/2014 10:51:00.422] - [INFO] - writing response back for turn 166 for player 1
21/09/2014 10:51:00.423] - [INFO] - message sent: took 6,120,581
21/09/2014 10:51:00.509] - [INFO] - writing response back for turn 167 for player 1
21/09/2014 10:51:00.509] - [INFO] - message sent: took 6,030,661
21/09/2014 10:51:00.593] - [INFO] - writing response back for turn 168 for player 1
21/09/2014 10:51:00.594] - [INFO] - message sent: took 6,042,598
21/09/2014 10:51:00.677] - [INFO] - writing response back for turn 169 for player 1
21/09/2014 10:51:00.677] - [INFO] - message sent: took 5,907,796
21/09/2014 10:51:00.777] - [INFO] - writing response back for turn 170 for player 1
21/09/2014 10:51:00.778] - [INFO] - message sent: took 6,018,434
21/09/2014 10:51:00.861] - [INFO] - writing response back for turn 171 for player 1
21/09/2014 10:51:00.861] - [INFO] - message sent: took 5,832,131
21/09/2014 10:51:00.945] - [INFO] - writing response back for turn 172 for player 1
21/09/2014 10:51:00.945] - [INFO] - message sent: took 5,977,918
21/09/2014 10:51:01.029] - [INFO] - writing response back for turn 173 for player 1
21/09/2014 10:51:01.029] - [INFO] - message sent: took 5,836,640
21/09/2014 10:51:01.113] - [INFO] - writing response back for turn 174 for player 1
21/09/2014 10:51:01.113] - [INFO] - message sent: took 5,835,942
21/09/2014 10:51:01.197] - [INFO] - writing response back for turn 175 for player 1
21/09/2014 10:51:01.197] - [INFO] - message sent: took 5,861,080
21/09/2014 10:51:01.289] - [INFO] - writing response back for turn 176 for player 1
21/09/2014 10:51:01.290] - [INFO] - message sent: took 6,032,467
21/09/2014 10:51:01.349] - [INFO] - writing response back for turn 177 for player 1
21/09/2014 10:51:01.353] - [SEVERE] - Unexpected exception from upstream. java.net.SocketException: Broken pipe

21/09/2014 10:51:01.354] - [INFO] - [id: 0xa9d8a0e1, /127.0.0.1:46919 :> localhost/127.0.0.1:19999] DISCONNECTED
21/09/2014 10:51:01.355] - [INFO] - [id: 0xa9d8a0e1, /127.0.0.1:46919 :> localhost/127.0.0.1:19999] UNBOUND
21/09/2014 10:51:01.355] - [INFO] - [id: 0xa9d8a0e1, /127.0.0.1:46919 :> localhost/127.0.0.1:19999] CLOSED
21/09/2014 10:51:01.355] - [INFO] - message sent: took 11,311,138
21/09/2014 10:51:13.879] - [INFO] - Client starting
21/09/2014 10:51:13.983] - [INFO] - [id: 0xc5e431d5] OPEN
21/09/2014 10:51:13.991] - [INFO] - [id: 0xc5e431d5, /127.0.0.1:46922 => localhost/127.0.0.1:19999] BOUND: /127.0.0.1:46922
21/09/2014 10:51:13.993] - [INFO] - [id: 0xc5e431d5, /127.0.0.1:46922 => localhost/127.0.0.1:19999] CONNECTED: localhost/127.0.0.1:19999
21/09/2014 10:51:16.832] - [INFO] - writing response back for turn 1 for player 0
21/09/2014 10:51:16.837] - [INFO] - message sent: took 48,361,050
21/09/2014 10:51:16.929] - [INFO] - writing response back for turn 2 for player 0
21/09/2014 10:51:16.930] - [INFO] - message sent: took 38,550,358
21/09/2014 10:51:16.955] - [INFO] - writing response back for turn 3 for player 0
21/09/2014 10:51:16.962] - [INFO] - message sent: took 21,089,855
21/09/2014 10:51:17.073] - [INFO] - writing response back for turn 4 for player 0
21/09/2014 10:51:17.074] - [INFO] - message sent: took 14,625,271
21/09/2014 10:51:17.169] - [INFO] - writing response back for turn 5 for player 0
21/09/2014 10:51:17.171] - [INFO] - message sent: took 19,544,359
21/09/2014 10:51:17.258] - [INFO] - writing response back for turn 6 for player 0
21/09/2014 10:51:17.260] - [INFO] - message sent: took 11,946,170
21/09/2014 10:51:17.348] - [INFO] - writing response back for turn 7 for player 0
21/09/2014 10:51:17.350] - [INFO] - message sent: took 10,002,955
21/09/2014 10:51:17.438] - [INFO] - writing response back for turn 8 for player 0
21/09/2014 10:51:17.439] - [INFO] - message sent: took 11,799,130
21/09/2014 10:51:17.535] - [INFO] - writing response back for turn 9 for player 0
21/09/2014 10:51:17.537] - [INFO] - message sent: took 17,170,240
21/09/2014 10:51:17.623] - [INFO] - writing response back for turn 10 for player 0
21/09/2014 10:51:17.624] - [INFO] - message sent: took 8,874,422
21/09/2014 10:51:17.715] - [INFO] - writing response back for turn 11 for player 0
21/09/2014 10:51:17.716] - [INFO] - message sent: took 12,663,623
21/09/2014 10:51:17.803] - [INFO] - writing response back for turn 12 for player 0
21/09/2014 10:51:17.812] - [INFO] - message sent: took 16,378,440
21/09/2014 10:51:17.902] - [INFO] - writing response back for turn 13 for player 0
21/09/2014 10:51:17.903] - [INFO] - message sent: took 11,691,251
21/09/2014 10:51:17.992] - [INFO] - writing response back for turn 14 for player 0
21/09/2014 10:51:17.996] - [INFO] - message sent: took 12,815,261
21/09/2014 10:51:18.098] - [INFO] - writing response back for turn 15 for player 0
21/09/2014 10:51:18.099] - [INFO] - message sent: took 23,761,456
21/09/2014 10:51:18.192] - [INFO] - writing response back for turn 16 for player 0
21/09/2014 10:51:18.193] - [INFO] - message sent: took 13,913,329
21/09/2014 10:51:18.283] - [INFO] - writing response back for turn 17 for player 0
21/09/2014 10:51:18.291] - [INFO] - message sent: took 19,514,997
21/09/2014 10:51:18.375] - [INFO] - writing response back for turn 18 for player 0
21/09/2014 10:51:18.376] - [INFO] - message sent: took 8,767,389
21/09/2014 10:51:18.463] - [INFO] - writing response back for turn 19 for player 0
21/09/2014 10:51:18.468] - [INFO] - message sent: took 12,421,008
21/09/2014 10:51:18.554] - [INFO] - writing response back for turn 20 for player 0
21/09/2014 10:51:18.557] - [INFO] - message sent: took 9,517,197
21/09/2014 10:51:18.642] - [INFO] - writing response back for turn 21 for player 0
21/09/2014 10:51:18.643] - [INFO] - message sent: took 7,814,154
21/09/2014 10:51:18.731] - [INFO] - writing response back for turn 22 for player 0
21/09/2014 10:51:18.732] - [INFO] - message sent: took 8,206,405
21/09/2014 10:51:18.819] - [INFO] - writing response back for turn 23 for player 0
21/09/2014 10:51:18.820] - [INFO] - message sent: took 8,263,419
21/09/2014 10:51:18.907] - [INFO] - writing response back for turn 24 for player 0
21/09/2014 10:51:18.908] - [INFO] - message sent: took 8,344,940
21/09/2014 10:51:18.994] - [INFO] - writing response back for turn 25 for player 0
21/09/2014 10:51:18.998] - [INFO] - message sent: took 10,320,508
21/09/2014 10:51:19.082] - [INFO] - writing response back for turn 26 for player 0
21/09/2014 10:51:19.083] - [INFO] - message sent: took 7,656,608
21/09/2014 10:51:19.170] - [INFO] - writing response back for turn 27 for player 0
21/09/2014 10:51:19.171] - [INFO] - message sent: took 7,769,874
21/09/2014 10:51:19.258] - [INFO] - writing response back for turn 28 for player 0
21/09/2014 10:51:19.259] - [INFO] - message sent: took 7,507,779
21/09/2014 10:51:19.347] - [INFO] - writing response back for turn 29 for player 0
21/09/2014 10:51:19.348] - [INFO] - message sent: took 8,714,391
21/09/2014 10:51:19.438] - [INFO] - writing response back for turn 30 for player 0
21/09/2014 10:51:19.439] - [INFO] - message sent: took 7,686,382
21/09/2014 10:51:19.526] - [INFO] - writing response back for turn 31 for player 0
21/09/2014 10:51:19.527] - [INFO] - message sent: took 7,448,408
21/09/2014 10:51:19.614] - [INFO] - writing response back for turn 32 for player 0
21/09/2014 10:51:19.615] - [INFO] - message sent: took 7,533,613
21/09/2014 10:51:19.712] - [INFO] - writing response back for turn 33 for player 0
21/09/2014 10:51:19.716] - [INFO] - message sent: took 11,914,089
21/09/2014 10:51:19.802] - [INFO] - writing response back for turn 34 for player 0
21/09/2014 10:51:19.803] - [INFO] - message sent: took 7,368,440
21/09/2014 10:51:19.886] - [INFO] - writing response back for turn 35 for player 0
21/09/2014 10:51:19.887] - [INFO] - message sent: took 7,312,966
21/09/2014 10:51:19.974] - [INFO] - writing response back for turn 36 for player 0
21/09/2014 10:51:19.979] - [INFO] - message sent: took 11,687,640
21/09/2014 10:51:20.063] - [INFO] - writing response back for turn 37 for player 0
21/09/2014 10:51:20.064] - [INFO] - message sent: took 8,541,373
21/09/2014 10:51:20.150] - [INFO] - writing response back for turn 38 for player 0
21/09/2014 10:51:20.151] - [INFO] - message sent: took 7,825,662
21/09/2014 10:51:20.237] - [INFO] - writing response back for turn 39 for player 0
21/09/2014 10:51:20.238] - [INFO] - message sent: took 6,871,501
21/09/2014 10:51:20.322] - [INFO] - writing response back for turn 40 for player 0
21/09/2014 10:51:20.323] - [INFO] - message sent: took 6,725,386
21/09/2014 10:51:20.406] - [INFO] - writing response back for turn 41 for player 0
21/09/2014 10:51:20.407] - [INFO] - message sent: took 7,220,384
21/09/2014 10:51:20.493] - [INFO] - writing response back for turn 42 for player 0
21/09/2014 10:51:20.494] - [INFO] - message sent: took 6,437,898
21/09/2014 10:51:20.577] - [INFO] - writing response back for turn 43 for player 0
21/09/2014 10:51:20.578] - [INFO] - message sent: took 6,526,312
21/09/2014 10:51:20.661] - [INFO] - writing response back for turn 44 for player 0
21/09/2014 10:51:20.662] - [INFO] - message sent: took 6,472,490
21/09/2014 10:51:20.745] - [INFO] - writing response back for turn 45 for player 0
21/09/2014 10:51:20.746] - [INFO] - message sent: took 6,242,201
21/09/2014 10:51:20.830] - [INFO] - writing response back for turn 46 for player 0
21/09/2014 10:51:20.831] - [INFO] - message sent: took 7,257,639
21/09/2014 10:51:20.913] - [INFO] - writing response back for turn 47 for player 0
21/09/2014 10:51:20.914] - [INFO] - message sent: took 6,576,930
21/09/2014 10:51:20.997] - [INFO] - writing response back for turn 48 for player 0
21/09/2014 10:51:20.998] - [INFO] - message sent: took 6,746,641
21/09/2014 10:51:21.081] - [INFO] - writing response back for turn 49 for player 0
21/09/2014 10:51:21.082] - [INFO] - message sent: took 6,110,313
21/09/2014 10:51:21.165] - [INFO] - writing response back for turn 50 for player 0
21/09/2014 10:51:21.166] - [INFO] - message sent: took 6,505,376
21/09/2014 10:51:21.250] - [INFO] - writing response back for turn 51 for player 0
21/09/2014 10:51:21.251] - [INFO] - message sent: took 6,575,728
21/09/2014 10:51:21.333] - [INFO] - writing response back for turn 52 for player 0
21/09/2014 10:51:21.334] - [INFO] - message sent: took 6,471,399
21/09/2014 10:51:21.417] - [INFO] - writing response back for turn 53 for player 0
21/09/2014 10:51:21.418] - [INFO] - message sent: took 6,010,858
21/09/2014 10:51:21.501] - [INFO] - writing response back for turn 54 for player 0
21/09/2014 10:51:21.502] - [INFO] - message sent: took 6,707,521
21/09/2014 10:51:21.594] - [INFO] - writing response back for turn 55 for player 0
21/09/2014 10:51:21.595] - [INFO] - message sent: took 11,884,709
21/09/2014 10:51:21.683] - [INFO] - writing response back for turn 56 for player 0
21/09/2014 10:51:21.684] - [INFO] - message sent: took 8,440,889
21/09/2014 10:51:21.770] - [INFO] - writing response back for turn 57 for player 0
21/09/2014 10:51:21.771] - [INFO] - message sent: took 7,636,884
21/09/2014 10:51:21.855] - [INFO] - writing response back for turn 58 for player 0
21/09/2014 10:51:21.856] - [INFO] - message sent: took 8,512,724
21/09/2014 10:51:21.943] - [INFO] - writing response back for turn 59 for player 0
21/09/2014 10:51:21.944] - [INFO] - message sent: took 8,379,508
21/09/2014 10:51:22.031] - [INFO] - writing response back for turn 60 for player 0
21/09/2014 10:51:22.032] - [INFO] - message sent: took 8,443,228
21/09/2014 10:51:22.124] - [INFO] - writing response back for turn 61 for player 0
21/09/2014 10:51:22.140] - [INFO] - message sent: took 28,673,724
21/09/2014 10:51:22.229] - [INFO] - writing response back for turn 62 for player 0
21/09/2014 10:51:22.230] - [INFO] - message sent: took 10,755,824
21/09/2014 10:51:22.316] - [INFO] - writing response back for turn 63 for player 0
21/09/2014 10:51:22.317] - [INFO] - message sent: took 9,302,234
21/09/2014 10:51:22.404] - [INFO] - writing response back for turn 64 for player 0
21/09/2014 10:51:22.405] - [INFO] - message sent: took 9,157,206
21/09/2014 10:51:22.509] - [INFO] - writing response back for turn 65 for player 0
21/09/2014 10:51:22.512] - [SEVERE] - Unexpected exception from upstream. java.net.SocketException: Broken pipe

21/09/2014 10:51:22.519] - [INFO] - [id: 0xc5e431d5, /127.0.0.1:46922 :> localhost/127.0.0.1:19999] DISCONNECTED
21/09/2014 10:51:22.520] - [INFO] - [id: 0xc5e431d5, /127.0.0.1:46922 :> localhost/127.0.0.1:19999] UNBOUND
21/09/2014 10:51:22.521] - [INFO] - [id: 0xc5e431d5, /127.0.0.1:46922 :> localhost/127.0.0.1:19999] CLOSED
21/09/2014 10:51:22.521] - [INFO] - message sent: took 21,481,801
21/09/2014 10:51:49.006] - [INFO] - Client starting
21/09/2014 10:51:49.119] - [INFO] - [id: 0x4b973a09] OPEN
21/09/2014 10:51:49.127] - [INFO] - [id: 0x4b973a09, /127.0.0.1:46924 => localhost/127.0.0.1:19999] BOUND: /127.0.0.1:46924
21/09/2014 10:51:49.128] - [INFO] - [id: 0x4b973a09, /127.0.0.1:46924 => localhost/127.0.0.1:19999] CONNECTED: localhost/127.0.0.1:19999
21/09/2014 10:52:06.830] - [INFO] - Client starting
21/09/2014 10:52:06.924] - [INFO] - [id: 0xf78b27d1] OPEN
21/09/2014 10:52:06.932] - [INFO] - [id: 0xf78b27d1, /127.0.0.1:46926 => localhost/127.0.0.1:19999] BOUND: /127.0.0.1:46926
21/09/2014 10:52:06.933] - [INFO] - [id: 0xf78b27d1, /127.0.0.1:46926 => localhost/127.0.0.1:19999] CONNECTED: localhost/127.0.0.1:19999
21/09/2014 10:52:07.362] - [INFO] - writing response back for turn 1 for player 0
21/09/2014 10:52:07.372] - [INFO] - message sent: took 48,984,867
21/09/2014 10:52:09.310] - [INFO] - [id: 0xf78b27d1, /127.0.0.1:46926 :> localhost/127.0.0.1:19999] DISCONNECTED
21/09/2014 10:52:09.311] - [INFO] - [id: 0xf78b27d1, /127.0.0.1:46926 :> localhost/127.0.0.1:19999] UNBOUND
21/09/2014 10:52:09.312] - [INFO] - [id: 0xf78b27d1, /127.0.0.1:46926 :> localhost/127.0.0.1:19999] CLOSED
21/09/2014 10:52:10.659] - [INFO] - Client starting
21/09/2014 10:52:10.775] - [INFO] - [id: 0x9d2970e5] OPEN
21/09/2014 10:52:10.783] - [INFO] - [id: 0x9d2970e5, /127.0.0.1:46927 => localhost/127.0.0.1:19999] BOUND: /127.0.0.1:46927
21/09/2014 10:52:10.784] - [INFO] - [id: 0x9d2970e5, /127.0.0.1:46927 => localhost/127.0.0.1:19999] CONNECTED: localhost/127.0.0.1:19999
21/09/2014 10:53:09.343] - [INFO] - Client starting
21/09/2014 10:53:09.450] - [INFO] - [id: 0x80641b4e] OPEN
21/09/2014 10:53:09.459] - [INFO] - [id: 0x80641b4e, /127.0.0.1:46929 => localhost/127.0.0.1:19999] BOUND: /127.0.0.1:46929
21/09/2014 10:53:09.460] - [INFO] - [id: 0x80641b4e, /127.0.0.1:46929 => localhost/127.0.0.1:19999] CONNECTED: localhost/127.0.0.1:19999
21/09/2014 10:53:09.883] - [INFO] - writing response back for turn 1 for player 0
21/09/2014 10:53:09.891] - [INFO] - message sent: took 32,030,256
21/09/2014 10:53:12.117] - [INFO] - [id: 0x80641b4e, /127.0.0.1:46929 :> localhost/127.0.0.1:19999] DISCONNECTED
21/09/2014 10:53:12.118] - [INFO] - [id: 0x80641b4e, /127.0.0.1:46929 :> localhost/127.0.0.1:19999] UNBOUND
21/09/2014 10:53:12.119] - [INFO] - [id: 0x80641b4e, /127.0.0.1:46929 :> localhost/127.0.0.1:19999] CLOSED
21/09/2014 11:12:40.998] - [INFO] - Client starting
21/09/2014 11:12:41.072] - [INFO] - [id: 0x52f9e5df] OPEN
21/09/2014 11:12:41.078] - [INFO] - [id: 0x52f9e5df, /127.0.0.1:46955 => localhost/127.0.0.1:19999] BOUND: /127.0.0.1:46955
21/09/2014 11:12:41.079] - [INFO] - [id: 0x52f9e5df, /127.0.0.1:46955 => localhost/127.0.0.1:19999] CONNECTED: localhost/127.0.0.1:19999
21/09/2014 11:12:54.521] - [INFO] - writing response back for turn 1 for player 0
21/09/2014 11:12:54.526] - [INFO] - message sent: took 37,230,898
21/09/2014 11:12:54.556] - [INFO] - writing response back for turn 2 for player 0
21/09/2014 11:12:54.557] - [INFO] - message sent: took 17,504,904
21/09/2014 11:12:54.651] - [INFO] - writing response back for turn 3 for player 0
21/09/2014 11:12:54.652] - [INFO] - message sent: took 16,749,899
21/09/2014 11:12:54.739] - [INFO] - writing response back for turn 4 for player 0
21/09/2014 11:12:54.740] - [INFO] - message sent: took 8,692,951
21/09/2014 11:12:54.827] - [INFO] - writing response back for turn 5 for player 0
21/09/2014 11:12:54.829] - [INFO] - message sent: took 9,193,398
21/09/2014 11:12:54.915] - [INFO] - writing response back for turn 6 for player 0
21/09/2014 11:12:54.917] - [INFO] - message sent: took 9,774,010
21/09/2014 11:12:55.005] - [INFO] - writing response back for turn 7 for player 0
21/09/2014 11:12:55.020] - [INFO] - message sent: took 24,250,613
21/09/2014 11:12:55.108] - [INFO] - writing response back for turn 8 for player 0
21/09/2014 11:12:55.113] - [INFO] - message sent: took 13,813,734
21/09/2014 11:12:55.199] - [INFO] - writing response back for turn 9 for player 0
21/09/2014 11:12:55.205] - [INFO] - message sent: took 13,799,096
21/09/2014 11:12:55.302] - [INFO] - writing response back for turn 10 for player 0
21/09/2014 11:12:55.309] - [INFO] - message sent: took 25,169,273
21/09/2014 11:12:55.404] - [INFO] - writing response back for turn 11 for player 0
21/09/2014 11:12:55.405] - [INFO] - message sent: took 13,799,089
21/09/2014 11:12:55.497] - [INFO] - writing response back for turn 12 for player 0
21/09/2014 11:12:55.499] - [INFO] - message sent: took 15,074,107
21/09/2014 11:12:55.587] - [INFO] - writing response back for turn 13 for player 0
21/09/2014 11:12:55.588] - [INFO] - message sent: took 12,873,562
21/09/2014 11:12:55.674] - [INFO] - writing response back for turn 14 for player 0
21/09/2014 11:12:55.676] - [INFO] - message sent: took 7,939,222
21/09/2014 11:12:55.764] - [INFO] - writing response back for turn 15 for player 0
21/09/2014 11:12:55.765] - [INFO] - message sent: took 9,056,267
21/09/2014 11:12:55.857] - [INFO] - writing response back for turn 16 for player 0
21/09/2014 11:12:55.857] - [INFO] - message sent: took 9,919,578
21/09/2014 11:12:55.951] - [INFO] - writing response back for turn 17 for player 0
21/09/2014 11:12:55.952] - [INFO] - message sent: took 8,198,356
21/09/2014 11:12:56.052] - [INFO] - writing response back for turn 18 for player 0
21/09/2014 11:12:56.059] - [INFO] - message sent: took 14,576,096
21/09/2014 11:12:56.147] - [INFO] - writing response back for turn 19 for player 0
21/09/2014 11:12:56.149] - [INFO] - message sent: took 9,151,684
21/09/2014 11:12:56.241] - [INFO] - writing response back for turn 20 for player 0
21/09/2014 11:12:56.243] - [INFO] - message sent: took 9,708,894
21/09/2014 11:12:56.328] - [INFO] - writing response back for turn 21 for player 0
21/09/2014 11:12:56.329] - [INFO] - message sent: took 8,703,002
21/09/2014 11:12:56.419] - [INFO] - writing response back for turn 22 for player 0
21/09/2014 11:12:56.419] - [INFO] - message sent: took 7,881,436
21/09/2014 11:12:56.511] - [INFO] - writing response back for turn 23 for player 0
21/09/2014 11:12:56.512] - [INFO] - message sent: took 8,252,022
21/09/2014 11:12:56.602] - [INFO] - writing response back for turn 24 for player 0
21/09/2014 11:12:56.605] - [INFO] - message sent: took 12,879,799
21/09/2014 11:12:56.691] - [INFO] - writing response back for turn 25 for player 0
21/09/2014 11:12:56.691] - [INFO] - message sent: took 7,928,814
21/09/2014 11:12:56.779] - [INFO] - writing response back for turn 26 for player 0
21/09/2014 11:12:56.781] - [INFO] - message sent: took 9,060,614
21/09/2014 11:12:56.866] - [INFO] - writing response back for turn 27 for player 0
21/09/2014 11:12:56.867] - [INFO] - message sent: took 7,631,469
21/09/2014 11:12:56.958] - [INFO] - writing response back for turn 28 for player 0
21/09/2014 11:12:56.959] - [INFO] - message sent: took 7,480,456
21/09/2014 11:12:57.046] - [INFO] - writing response back for turn 29 for player 0
21/09/2014 11:12:57.047] - [INFO] - message sent: took 7,113,110
21/09/2014 11:12:57.138] - [INFO] - writing response back for turn 30 for player 0
21/09/2014 11:12:57.138] - [INFO] - message sent: took 6,796,315
21/09/2014 11:12:57.226] - [INFO] - writing response back for turn 31 for player 0
21/09/2014 11:12:57.227] - [INFO] - message sent: took 7,401,050
21/09/2014 11:12:57.313] - [INFO] - writing response back for turn 32 for player 0
21/09/2014 11:12:57.314] - [INFO] - message sent: took 6,685,925
21/09/2014 11:12:57.398] - [INFO] - writing response back for turn 33 for player 0
21/09/2014 11:12:57.416] - [INFO] - message sent: took 24,797,848
21/09/2014 11:12:57.502] - [INFO] - writing response back for turn 34 for player 0
21/09/2014 11:12:57.502] - [INFO] - message sent: took 6,831,456
21/09/2014 11:12:57.590] - [INFO] - writing response back for turn 35 for player 0
21/09/2014 11:12:57.591] - [INFO] - message sent: took 7,936,638
21/09/2014 11:12:57.678] - [INFO] - writing response back for turn 36 for player 0
21/09/2014 11:12:57.678] - [INFO] - message sent: took 6,770,813
21/09/2014 11:12:57.767] - [INFO] - writing response back for turn 37 for player 0
21/09/2014 11:12:57.768] - [INFO] - message sent: took 8,536,328
21/09/2014 11:12:57.853] - [INFO] - writing response back for turn 38 for player 0
21/09/2014 11:12:57.854] - [INFO] - message sent: took 6,535,521
21/09/2014 11:12:57.952] - [INFO] - writing response back for turn 39 for player 0
21/09/2014 11:12:57.953] - [INFO] - message sent: took 17,745,459
21/09/2014 11:12:58.038] - [INFO] - writing response back for turn 40 for player 0
21/09/2014 11:12:58.038] - [INFO] - message sent: took 6,685,086
21/09/2014 11:12:58.154] - [INFO] - writing response back for turn 41 for player 0
21/09/2014 11:12:58.155] - [INFO] - message sent: took 7,229,224
21/09/2014 11:12:58.242] - [INFO] - writing response back for turn 42 for player 0
21/09/2014 11:12:58.243] - [INFO] - message sent: took 7,179,366
21/09/2014 11:12:58.332] - [INFO] - writing response back for turn 43 for player 0
21/09/2014 11:12:58.333] - [INFO] - message sent: took 9,444,652
21/09/2014 11:12:58.420] - [INFO] - writing response back for turn 44 for player 0
21/09/2014 11:12:58.421] - [INFO] - message sent: took 9,086,663
21/09/2014 11:12:58.506] - [INFO] - writing response back for turn 45 for player 0
21/09/2014 11:12:58.507] - [INFO] - message sent: took 7,260,113
21/09/2014 11:12:58.598] - [INFO] - writing response back for turn 46 for player 0
21/09/2014 11:12:58.599] - [INFO] - message sent: took 7,166,495
21/09/2014 11:12:58.690] - [INFO] - writing response back for turn 47 for player 0
21/09/2014 11:12:58.690] - [INFO] - message sent: took 6,501,676
21/09/2014 11:12:58.773] - [INFO] - writing response back for turn 48 for player 0
21/09/2014 11:12:58.774] - [INFO] - message sent: took 6,327,026
21/09/2014 11:12:58.858] - [INFO] - writing response back for turn 49 for player 0
21/09/2014 11:12:58.858] - [INFO] - message sent: took 6,696,740
21/09/2014 11:12:58.946] - [INFO] - writing response back for turn 50 for player 0
21/09/2014 11:12:58.946] - [INFO] - message sent: took 6,904,435
21/09/2014 11:12:59.033] - [INFO] - writing response back for turn 51 for player 0
21/09/2014 11:12:59.034] - [INFO] - message sent: took 6,315,088
21/09/2014 11:12:59.118] - [INFO] - writing response back for turn 52 for player 0
21/09/2014 11:12:59.118] - [INFO] - message sent: took 6,979,182
21/09/2014 11:12:59.202] - [INFO] - writing response back for turn 53 for player 0
21/09/2014 11:12:59.202] - [INFO] - message sent: took 6,938,357
21/09/2014 11:12:59.288] - [INFO] - writing response back for turn 54 for player 0
21/09/2014 11:12:59.290] - [INFO] - message sent: took 10,388,059
21/09/2014 11:12:59.374] - [INFO] - writing response back for turn 55 for player 0
21/09/2014 11:12:59.374] - [INFO] - message sent: took 6,730,501
21/09/2014 11:12:59.467] - [INFO] - writing response back for turn 56 for player 0
21/09/2014 11:12:59.468] - [INFO] - message sent: took 8,440,235
21/09/2014 11:12:59.555] - [INFO] - writing response back for turn 57 for player 0
21/09/2014 11:12:59.556] - [INFO] - message sent: took 8,078,066
21/09/2014 11:12:59.643] - [INFO] - writing response back for turn 58 for player 0
21/09/2014 11:12:59.643] - [INFO] - message sent: took 7,789,616
21/09/2014 11:12:59.731] - [INFO] - writing response back for turn 59 for player 0
21/09/2014 11:12:59.731] - [INFO] - message sent: took 7,653,119
21/09/2014 11:12:59.819] - [INFO] - writing response back for turn 60 for player 0
21/09/2014 11:12:59.820] - [INFO] - message sent: took 8,423,219
21/09/2014 11:12:59.906] - [INFO] - writing response back for turn 61 for player 0
21/09/2014 11:12:59.907] - [INFO] - message sent: took 7,091,919
21/09/2014 11:12:59.995] - [INFO] - writing response back for turn 62 for player 0
21/09/2014 11:12:59.995] - [INFO] - message sent: took 7,920,152
21/09/2014 11:13:00.082] - [INFO] - writing response back for turn 63 for player 0
21/09/2014 11:13:00.083] - [INFO] - message sent: took 7,425,249
21/09/2014 11:13:00.166] - [INFO] - writing response back for turn 64 for player 0
21/09/2014 11:13:00.167] - [INFO] - message sent: took 7,224,877
21/09/2014 11:13:00.250] - [INFO] - writing response back for turn 65 for player 0
21/09/2014 11:13:00.251] - [INFO] - message sent: took 7,088,377
21/09/2014 11:13:00.334] - [INFO] - writing response back for turn 66 for player 0
21/09/2014 11:13:00.334] - [INFO] - message sent: took 7,016,088
21/09/2014 11:13:00.422] - [INFO] - writing response back for turn 67 for player 0
21/09/2014 11:13:00.422] - [INFO] - message sent: took 6,786,999
21/09/2014 11:13:00.510] - [INFO] - writing response back for turn 68 for player 0
21/09/2014 11:13:00.511] - [INFO] - message sent: took 7,274,005
21/09/2014 11:13:00.593] - [INFO] - writing response back for turn 69 for player 0
21/09/2014 11:13:00.594] - [INFO] - message sent: took 6,068,736
21/09/2014 11:13:00.677] - [INFO] - writing response back for turn 70 for player 0
21/09/2014 11:13:00.678] - [INFO] - message sent: took 6,063,309
21/09/2014 11:13:00.761] - [INFO] - writing response back for turn 71 for player 0
21/09/2014 11:13:00.762] - [INFO] - message sent: took 6,138,083
21/09/2014 11:13:00.845] - [INFO] - writing response back for turn 72 for player 0
21/09/2014 11:13:00.846] - [INFO] - message sent: took 6,419,242
21/09/2014 11:13:00.930] - [INFO] - writing response back for turn 73 for player 0
21/09/2014 11:13:00.930] - [INFO] - message sent: took 6,807,448
21/09/2014 11:13:01.018] - [INFO] - writing response back for turn 74 for player 0
21/09/2014 11:13:01.018] - [INFO] - message sent: took 6,946,627
21/09/2014 11:13:01.101] - [INFO] - writing response back for turn 75 for player 0
21/09/2014 11:13:01.102] - [INFO] - message sent: took 6,578,964
21/09/2014 11:13:01.185] - [INFO] - writing response back for turn 76 for player 0
21/09/2014 11:13:01.186] - [INFO] - message sent: took 6,365,616
21/09/2014 11:13:01.269] - [INFO] - writing response back for turn 77 for player 0
21/09/2014 11:13:01.270] - [INFO] - message sent: took 6,233,413
21/09/2014 11:13:01.359] - [INFO] - writing response back for turn 78 for player 0
21/09/2014 11:13:01.359] - [INFO] - message sent: took 7,838,228
21/09/2014 11:13:01.450] - [INFO] - writing response back for turn 79 for player 0
21/09/2014 11:13:01.450] - [INFO] - message sent: took 7,030,431
21/09/2014 11:13:01.537] - [INFO] - writing response back for turn 80 for player 0
21/09/2014 11:13:01.538] - [INFO] - message sent: took 6,473,843
21/09/2014 11:13:01.630] - [INFO] - writing response back for turn 81 for player 0
21/09/2014 11:13:01.631] - [INFO] - message sent: took 7,175,093
21/09/2014 11:13:01.716] - [INFO] - writing response back for turn 82 for player 0
21/09/2014 11:13:01.716] - [INFO] - message sent: took 8,396,785
21/09/2014 11:13:01.802] - [INFO] - writing response back for turn 83 for player 0
21/09/2014 11:13:01.808] - [INFO] - message sent: took 12,604,782
21/09/2014 11:13:01.894] - [INFO] - writing response back for turn 84 for player 0
21/09/2014 11:13:01.895] - [INFO] - message sent: took 7,696,886
21/09/2014 11:13:01.982] - [INFO] - writing response back for turn 85 for player 0
21/09/2014 11:13:01.983] - [INFO] - message sent: took 7,399,897
21/09/2014 11:13:02.069] - [INFO] - writing response back for turn 86 for player 0
21/09/2014 11:13:02.073] - [INFO] - message sent: took 9,072,709
21/09/2014 11:13:02.158] - [INFO] - writing response back for turn 87 for player 0
21/09/2014 11:13:02.159] - [INFO] - message sent: took 6,586,511
21/09/2014 11:13:02.245] - [INFO] - writing response back for turn 88 for player 0
21/09/2014 11:13:02.246] - [INFO] - message sent: took 6,566,121
21/09/2014 11:13:02.330] - [INFO] - writing response back for turn 89 for player 0
21/09/2014 11:13:02.330] - [INFO] - message sent: took 6,633,482
21/09/2014 11:13:02.414] - [INFO] - writing response back for turn 90 for player 0
21/09/2014 11:13:02.414] - [INFO] - message sent: took 6,729,133
21/09/2014 11:13:02.502] - [INFO] - writing response back for turn 91 for player 0
21/09/2014 11:13:02.502] - [INFO] - message sent: took 6,781,261
21/09/2014 11:13:02.589] - [INFO] - writing response back for turn 92 for player 0
21/09/2014 11:13:02.590] - [INFO] - message sent: took 6,298,480
21/09/2014 11:13:02.673] - [INFO] - writing response back for turn 93 for player 0
21/09/2014 11:13:02.674] - [INFO] - message sent: took 6,402,322
21/09/2014 11:13:02.758] - [INFO] - writing response back for turn 94 for player 0
21/09/2014 11:13:02.758] - [INFO] - message sent: took 6,615,825
21/09/2014 11:13:02.845] - [INFO] - writing response back for turn 95 for player 0
21/09/2014 11:13:02.846] - [INFO] - message sent: took 6,200,699
21/09/2014 11:13:02.929] - [INFO] - writing response back for turn 96 for player 0
21/09/2014 11:13:02.930] - [INFO] - message sent: took 6,269,798
21/09/2014 11:13:03.013] - [INFO] - writing response back for turn 97 for player 0
21/09/2014 11:13:03.014] - [INFO] - message sent: took 6,206,454
21/09/2014 11:13:03.099] - [INFO] - writing response back for turn 98 for player 0
21/09/2014 11:13:03.099] - [INFO] - message sent: took 7,785,523
21/09/2014 11:13:03.188] - [INFO] - writing response back for turn 99 for player 0
21/09/2014 11:13:03.188] - [INFO] - message sent: took 8,683,779
21/09/2014 11:13:03.273] - [INFO] - writing response back for turn 100 for player 0
21/09/2014 11:13:03.274] - [INFO] - message sent: took 6,074,625
21/09/2014 11:13:03.357] - [INFO] - writing response back for turn 101 for player 0
21/09/2014 11:13:03.358] - [INFO] - message sent: took 6,102,101
21/09/2014 11:13:03.441] - [INFO] - writing response back for turn 102 for player 0
21/09/2014 11:13:03.442] - [INFO] - message sent: took 6,337,381
21/09/2014 11:13:03.525] - [INFO] - writing response back for turn 103 for player 0
21/09/2014 11:13:03.525] - [INFO] - message sent: took 5,958,548
21/09/2014 11:13:03.617] - [INFO] - writing response back for turn 104 for player 0
21/09/2014 11:13:03.617] - [INFO] - message sent: took 5,871,953
21/09/2014 11:13:03.701] - [INFO] - writing response back for turn 105 for player 0
21/09/2014 11:13:03.702] - [INFO] - message sent: took 6,800,272
21/09/2014 11:13:03.785] - [INFO] - writing response back for turn 106 for player 0
21/09/2014 11:13:03.793] - [INFO] - message sent: took 13,581,012
21/09/2014 11:13:03.877] - [INFO] - writing response back for turn 107 for player 0
21/09/2014 11:13:03.878] - [INFO] - message sent: took 6,146,963
21/09/2014 11:13:03.961] - [INFO] - writing response back for turn 108 for player 0
21/09/2014 11:13:03.962] - [INFO] - message sent: took 6,162,414
21/09/2014 11:13:04.045] - [INFO] - writing response back for turn 109 for player 0
21/09/2014 11:13:04.045] - [INFO] - message sent: took 5,949,031
21/09/2014 11:13:04.129] - [INFO] - writing response back for turn 110 for player 0
21/09/2014 11:13:04.130] - [INFO] - message sent: took 6,167,702
21/09/2014 11:13:04.213] - [INFO] - writing response back for turn 111 for player 0
21/09/2014 11:13:04.214] - [INFO] - message sent: took 6,357,661
21/09/2014 11:13:04.298] - [INFO] - writing response back for turn 112 for player 0
21/09/2014 11:13:04.299] - [INFO] - message sent: took 7,120,192
21/09/2014 11:13:04.385] - [INFO] - writing response back for turn 113 for player 0
21/09/2014 11:13:04.386] - [INFO] - message sent: took 6,280,198
21/09/2014 11:13:04.469] - [INFO] - writing response back for turn 114 for player 0
21/09/2014 11:13:04.470] - [INFO] - message sent: took 6,053,179
21/09/2014 11:13:04.553] - [INFO] - writing response back for turn 115 for player 0
21/09/2014 11:13:04.553] - [INFO] - message sent: took 5,976,125
21/09/2014 11:13:04.637] - [INFO] - writing response back for turn 116 for player 0
21/09/2014 11:13:04.637] - [INFO] - message sent: took 5,853,728
21/09/2014 11:13:04.721] - [INFO] - writing response back for turn 117 for player 0
21/09/2014 11:13:04.722] - [INFO] - message sent: took 6,241,376
21/09/2014 11:13:04.809] - [INFO] - writing response back for turn 118 for player 0
21/09/2014 11:13:04.810] - [INFO] - message sent: took 6,127,994
21/09/2014 11:13:04.893] - [INFO] - writing response back for turn 119 for player 0
21/09/2014 11:13:04.894] - [INFO] - message sent: took 6,188,051
21/09/2014 11:13:04.977] - [INFO] - writing response back for turn 120 for player 0
21/09/2014 11:13:04.977] - [INFO] - message sent: took 5,881,145
21/09/2014 11:13:05.061] - [INFO] - writing response back for turn 121 for player 0
21/09/2014 11:13:05.061] - [INFO] - message sent: took 6,026,771
21/09/2014 11:13:05.147] - [INFO] - writing response back for turn 122 for player 0
21/09/2014 11:13:05.147] - [INFO] - message sent: took 7,828,997
21/09/2014 11:13:05.233] - [INFO] - writing response back for turn 123 for player 0
21/09/2014 11:13:05.233] - [INFO] - message sent: took 5,792,236
21/09/2014 11:13:05.317] - [INFO] - writing response back for turn 124 for player 0
21/09/2014 11:13:05.317] - [INFO] - message sent: took 5,802,497
21/09/2014 11:13:05.401] - [INFO] - writing response back for turn 125 for player 0
21/09/2014 11:13:05.401] - [INFO] - message sent: took 5,822,495
21/09/2014 11:13:05.485] - [INFO] - writing response back for turn 126 for player 0
21/09/2014 11:13:05.486] - [INFO] - message sent: took 6,137,324
21/09/2014 11:13:05.573] - [INFO] - writing response back for turn 127 for player 0
21/09/2014 11:13:05.574] - [INFO] - message sent: took 5,992,217
21/09/2014 11:13:05.657] - [INFO] - writing response back for turn 128 for player 0
21/09/2014 11:13:05.658] - [INFO] - message sent: took 6,204,015
21/09/2014 11:13:05.745] - [INFO] - writing response back for turn 129 for player 0
21/09/2014 11:13:05.746] - [INFO] - message sent: took 10,283,741
21/09/2014 11:13:05.829] - [INFO] - writing response back for turn 130 for player 0
21/09/2014 11:13:05.830] - [INFO] - message sent: took 6,349,698
21/09/2014 11:13:05.913] - [INFO] - writing response back for turn 131 for player 0
21/09/2014 11:13:05.914] - [INFO] - message sent: took 6,896,273
21/09/2014 11:13:05.997] - [INFO] - writing response back for turn 132 for player 0
21/09/2014 11:13:05.998] - [INFO] - message sent: took 6,179,849
21/09/2014 11:13:06.081] - [INFO] - writing response back for turn 133 for player 0
21/09/2014 11:13:06.082] - [INFO] - message sent: took 6,449,154
21/09/2014 11:13:06.165] - [INFO] - writing response back for turn 134 for player 0
21/09/2014 11:13:06.165] - [INFO] - message sent: took 5,841,622
21/09/2014 11:13:06.249] - [INFO] - writing response back for turn 135 for player 0
21/09/2014 11:13:06.249] - [INFO] - message sent: took 5,737,811
21/09/2014 11:13:06.333] - [INFO] - writing response back for turn 136 for player 0
21/09/2014 11:13:06.333] - [INFO] - message sent: took 5,747,307
21/09/2014 11:13:06.417] - [INFO] - writing response back for turn 137 for player 0
21/09/2014 11:13:06.418] - [INFO] - message sent: took 6,443,582
21/09/2014 11:13:06.501] - [INFO] - writing response back for turn 138 for player 0
21/09/2014 11:13:06.501] - [INFO] - message sent: took 6,048,207
21/09/2014 11:13:06.589] - [INFO] - writing response back for turn 139 for player 0
21/09/2014 11:13:06.590] - [INFO] - message sent: took 10,844,694
21/09/2014 11:13:06.673] - [INFO] - writing response back for turn 140 for player 0
21/09/2014 11:13:06.674] - [INFO] - message sent: took 6,223,482
21/09/2014 11:13:06.757] - [INFO] - writing response back for turn 141 for player 0
21/09/2014 11:13:06.758] - [INFO] - message sent: took 6,026,719
21/09/2014 11:13:06.841] - [INFO] - writing response back for turn 142 for player 0
21/09/2014 11:13:06.841] - [INFO] - message sent: took 5,982,906
21/09/2014 11:13:06.929] - [INFO] - writing response back for turn 143 for player 0
21/09/2014 11:13:06.935] - [INFO] - message sent: took 12,022,114
21/09/2014 11:13:07.021] - [INFO] - writing response back for turn 144 for player 0
21/09/2014 11:13:07.021] - [INFO] - message sent: took 5,985,937
21/09/2014 11:13:07.105] - [INFO] - writing response back for turn 145 for player 0
21/09/2014 11:13:07.105] - [INFO] - message sent: took 5,899,434
21/09/2014 11:13:07.189] - [INFO] - writing response back for turn 146 for player 0
21/09/2014 11:13:07.189] - [INFO] - message sent: took 5,907,528
21/09/2014 11:13:07.276] - [INFO] - writing response back for turn 147 for player 0
21/09/2014 11:13:07.276] - [INFO] - message sent: took 6,160,820
21/09/2014 11:13:07.361] - [INFO] - writing response back for turn 148 for player 0
21/09/2014 11:13:07.361] - [INFO] - message sent: took 5,909,264
21/09/2014 11:13:07.449] - [INFO] - writing response back for turn 149 for player 0
21/09/2014 11:13:07.449] - [INFO] - message sent: took 8,427,940
21/09/2014 11:13:07.534] - [INFO] - writing response back for turn 150 for player 0
21/09/2014 11:13:07.535] - [INFO] - message sent: took 7,466,684
21/09/2014 11:13:07.617] - [INFO] - writing response back for turn 151 for player 0
21/09/2014 11:13:07.617] - [INFO] - message sent: took 5,993,269
21/09/2014 11:13:07.701] - [INFO] - writing response back for turn 152 for player 0
21/09/2014 11:13:07.701] - [INFO] - message sent: took 5,818,840
21/09/2014 11:13:07.785] - [INFO] - writing response back for turn 153 for player 0
21/09/2014 11:13:07.785] - [INFO] - message sent: took 5,674,505
21/09/2014 11:13:07.869] - [INFO] - writing response back for turn 154 for player 0
21/09/2014 11:13:07.869] - [INFO] - message sent: took 6,063,623
21/09/2014 11:13:07.954] - [INFO] - writing response back for turn 155 for player 0
21/09/2014 11:13:07.955] - [INFO] - message sent: took 7,763,680
21/09/2014 11:13:08.037] - [INFO] - writing response back for turn 156 for player 0
21/09/2014 11:13:08.037] - [INFO] - message sent: took 5,832,075
21/09/2014 11:13:08.121] - [INFO] - writing response back for turn 157 for player 0
21/09/2014 11:13:08.121] - [INFO] - message sent: took 5,934,955
21/09/2014 11:13:08.205] - [INFO] - writing response back for turn 158 for player 0
21/09/2014 11:13:08.207] - [INFO] - message sent: took 7,111,730
21/09/2014 11:13:08.289] - [INFO] - writing response back for turn 159 for player 0
21/09/2014 11:13:08.289] - [INFO] - message sent: took 5,849,733
21/09/2014 11:13:08.373] - [INFO] - writing response back for turn 160 for player 0
21/09/2014 11:13:08.373] - [INFO] - message sent: took 5,941,941
21/09/2014 11:13:08.457] - [INFO] - writing response back for turn 161 for player 0
21/09/2014 11:13:08.457] - [INFO] - message sent: took 5,888,944
21/09/2014 11:13:08.541] - [INFO] - writing response back for turn 162 for player 0
21/09/2014 11:13:08.542] - [INFO] - message sent: took 6,348,969
21/09/2014 11:13:08.625] - [INFO] - writing response back for turn 163 for player 0
21/09/2014 11:13:08.625] - [INFO] - message sent: took 5,781,606
21/09/2014 11:13:08.713] - [INFO] - writing response back for turn 164 for player 0
21/09/2014 11:13:08.714] - [INFO] - message sent: took 5,786,994
21/09/2014 11:13:08.797] - [INFO] - writing response back for turn 165 for player 0
21/09/2014 11:13:08.797] - [INFO] - message sent: took 5,789,175
21/09/2014 11:13:08.881] - [INFO] - writing response back for turn 166 for player 0
21/09/2014 11:13:08.881] - [INFO] - message sent: took 5,807,037
21/09/2014 11:13:08.965] - [INFO] - writing response back for turn 167 for player 0
21/09/2014 11:13:08.965] - [INFO] - message sent: took 5,834,134
21/09/2014 11:13:09.049] - [INFO] - writing response back for turn 168 for player 0
21/09/2014 11:13:09.050] - [INFO] - message sent: took 6,047,678
21/09/2014 11:13:09.133] - [INFO] - writing response back for turn 169 for player 0
21/09/2014 11:13:09.133] - [INFO] - message sent: took 6,023,600
21/09/2014 11:13:09.217] - [INFO] - writing response back for turn 170 for player 0
21/09/2014 11:13:09.218] - [INFO] - message sent: took 6,079,106
21/09/2014 11:13:09.301] - [INFO] - writing response back for turn 171 for player 0
21/09/2014 11:13:09.302] - [INFO] - message sent: took 6,184,326
21/09/2014 11:13:09.385] - [INFO] - writing response back for turn 172 for player 0
21/09/2014 11:13:09.385] - [INFO] - message sent: took 6,079,357
21/09/2014 11:13:09.469] - [INFO] - writing response back for turn 173 for player 0
21/09/2014 11:13:09.469] - [INFO] - message sent: took 6,000,393
21/09/2014 11:13:09.553] - [INFO] - writing response back for turn 174 for player 0
21/09/2014 11:13:09.554] - [INFO] - message sent: took 6,119,260
21/09/2014 11:13:09.637] - [INFO] - writing response back for turn 175 for player 0
21/09/2014 11:13:09.637] - [INFO] - message sent: took 6,041,972
21/09/2014 11:13:09.721] - [INFO] - writing response back for turn 176 for player 0
21/09/2014 11:13:09.722] - [INFO] - message sent: took 6,095,986
21/09/2014 11:13:09.805] - [INFO] - writing response back for turn 177 for player 0
21/09/2014 11:13:09.806] - [INFO] - message sent: took 6,105,240
21/09/2014 11:13:09.893] - [INFO] - writing response back for turn 178 for player 0
21/09/2014 11:13:09.893] - [INFO] - message sent: took 5,885,495
21/09/2014 11:13:09.977] - [INFO] - writing response back for turn 179 for player 0
21/09/2014 11:13:09.978] - [INFO] - message sent: took 6,517,241
21/09/2014 11:13:10.061] - [INFO] - writing response back for turn 180 for player 0
21/09/2014 11:13:10.061] - [INFO] - message sent: took 6,025,617
21/09/2014 11:13:10.145] - [INFO] - writing response back for turn 181 for player 0
21/09/2014 11:13:10.145] - [INFO] - message sent: took 5,745,688
21/09/2014 11:13:10.230] - [INFO] - writing response back for turn 182 for player 0
21/09/2014 11:13:10.230] - [INFO] - message sent: took 6,535,257
21/09/2014 11:13:10.313] - [INFO] - writing response back for turn 183 for player 0
21/09/2014 11:13:10.314] - [INFO] - message sent: took 6,108,370
21/09/2014 11:13:10.397] - [INFO] - writing response back for turn 184 for player 0
21/09/2014 11:13:10.398] - [INFO] - message sent: took 6,360,735
21/09/2014 11:13:10.481] - [INFO] - writing response back for turn 185 for player 0
21/09/2014 11:13:10.482] - [INFO] - message sent: took 6,138,312
21/09/2014 11:13:10.565] - [INFO] - writing response back for turn 186 for player 0
21/09/2014 11:13:10.565] - [INFO] - message sent: took 5,627,038
21/09/2014 11:13:10.664] - [INFO] - writing response back for turn 187 for player 0
21/09/2014 11:13:10.665] - [INFO] - message sent: took 21,556,204
21/09/2014 11:13:10.749] - [INFO] - writing response back for turn 188 for player 0
21/09/2014 11:13:10.749] - [INFO] - message sent: took 5,737,206
21/09/2014 11:13:10.833] - [INFO] - writing response back for turn 189 for player 0
21/09/2014 11:13:10.833] - [INFO] - message sent: took 5,926,283
21/09/2014 11:13:10.917] - [INFO] - writing response back for turn 190 for player 0
21/09/2014 11:13:10.917] - [INFO] - message sent: took 6,007,944
21/09/2014 11:13:11.001] - [INFO] - writing response back for turn 191 for player 0
21/09/2014 11:13:11.002] - [INFO] - message sent: took 5,945,045
21/09/2014 11:13:11.085] - [INFO] - writing response back for turn 192 for player 0
21/09/2014 11:13:11.085] - [INFO] - message sent: took 5,886,885
21/09/2014 11:13:11.169] - [INFO] - writing response back for turn 193 for player 0
21/09/2014 11:13:11.170] - [INFO] - message sent: took 6,266,057
21/09/2014 11:13:11.253] - [INFO] - writing response back for turn 194 for player 0
21/09/2014 11:13:11.253] - [INFO] - message sent: took 5,733,442
21/09/2014 11:13:11.337] - [INFO] - writing response back for turn 195 for player 0
21/09/2014 11:13:11.337] - [INFO] - message sent: took 5,726,127
21/09/2014 11:13:11.421] - [INFO] - writing response back for turn 196 for player 0
21/09/2014 11:13:11.421] - [INFO] - message sent: took 5,732,012
21/09/2014 11:13:11.505] - [INFO] - writing response back for turn 197 for player 0
21/09/2014 11:13:11.505] - [INFO] - message sent: took 6,081,465
21/09/2014 11:13:11.589] - [INFO] - writing response back for turn 198 for player 0
21/09/2014 11:13:11.589] - [INFO] - message sent: took 5,643,235
21/09/2014 11:13:11.673] - [INFO] - writing response back for turn 199 for player 0
21/09/2014 11:13:11.673] - [INFO] - message sent: took 5,630,797
21/09/2014 11:13:11.757] - [INFO] - writing response back for turn 200 for player 0
21/09/2014 11:13:11.757] - [INFO] - message sent: took 5,633,682
21/09/2014 11:13:11.841] - [INFO] - writing response back for turn 201 for player 0
21/09/2014 11:13:11.841] - [INFO] - message sent: took 5,737,275
21/09/2014 11:13:11.925] - [INFO] - writing response back for turn 202 for player 0
21/09/2014 11:13:11.925] - [INFO] - message sent: took 5,654,561
21/09/2014 11:13:12.009] - [INFO] - writing response back for turn 203 for player 0
21/09/2014 11:13:12.009] - [INFO] - message sent: took 5,655,244
21/09/2014 11:13:12.093] - [INFO] - writing response back for turn 204 for player 0
21/09/2014 11:13:12.093] - [INFO] - message sent: took 5,624,415
21/09/2014 11:13:12.177] - [INFO] - writing response back for turn 205 for player 0
21/09/2014 11:13:12.179] - [INFO] - message sent: took 7,645,033
21/09/2014 11:13:12.269] - [INFO] - writing response back for turn 206 for player 0
21/09/2014 11:13:12.269] - [INFO] - message sent: took 5,677,251
21/09/2014 11:13:12.353] - [INFO] - writing response back for turn 207 for player 0
21/09/2014 11:13:12.353] - [INFO] - message sent: took 5,633,108
21/09/2014 11:13:12.437] - [INFO] - writing response back for turn 208 for player 0
21/09/2014 11:13:12.437] - [INFO] - message sent: took 5,881,030
21/09/2014 11:13:12.521] - [INFO] - writing response back for turn 209 for player 0
21/09/2014 11:13:12.521] - [INFO] - message sent: took 5,725,008
21/09/2014 11:13:12.605] - [INFO] - writing response back for turn 210 for player 0
21/09/2014 11:13:12.606] - [INFO] - message sent: took 6,353,672
21/09/2014 11:13:12.689] - [INFO] - writing response back for turn 211 for player 0
21/09/2014 11:13:12.689] - [INFO] - message sent: took 5,673,358
21/09/2014 11:13:12.773] - [INFO] - writing response back for turn 212 for player 0
21/09/2014 11:13:12.774] - [INFO] - message sent: took 6,223,185
21/09/2014 11:13:12.857] - [INFO] - writing response back for turn 213 for player 0
21/09/2014 11:13:12.860] - [INFO] - message sent: took 8,352,475
21/09/2014 11:13:12.947] - [INFO] - writing response back for turn 214 for player 0
21/09/2014 11:13:12.948] - [INFO] - message sent: took 8,245,106
21/09/2014 11:13:13.033] - [INFO] - writing response back for turn 215 for player 0
21/09/2014 11:13:13.033] - [INFO] - message sent: took 5,645,106
21/09/2014 11:13:13.141] - [INFO] - writing response back for turn 216 for player 0
21/09/2014 11:13:13.141] - [INFO] - message sent: took 5,666,473
21/09/2014 11:13:13.199] - [INFO] - [id: 0x52f9e5df, /127.0.0.1:46955 :> localhost/127.0.0.1:19999] DISCONNECTED
21/09/2014 11:13:13.199] - [INFO] - [id: 0x52f9e5df, /127.0.0.1:46955 :> localhost/127.0.0.1:19999] UNBOUND
21/09/2014 11:13:13.199] - [INFO] - [id: 0x52f9e5df, /127.0.0.1:46955 :> localhost/127.0.0.1:19999] CLOSED
