21/09/2014 10:50:45.165 - GameLog] - [FINE] - A new game is starting
21/09/2014 10:50:45.606 - ResponseLog] - [FINE] - AI responded with move MOVE_DOWN for turn 1
21/09/2014 10:50:45.607 - ResponseLog] - [FINE] - 0 (3, 11) wants to move DOWN
21/09/2014 10:50:45.614 - ResponseLog] - [FINE] - tronplayer responded with move MOVE_UP for turn 1
21/09/2014 10:50:45.614 - ResponseLog] - [FINE] - 1 (19, 11) wants to move UP
21/09/2014 10:50:45.692 - ResponseLog] - [FINE] - AI responded with move MOVE_RIGHT for turn 2
21/09/2014 10:50:45.692 - ResponseLog] - [FINE] - 0 (3, 12) wants to move RIGHT
21/09/2014 10:50:45.693 - ResponseLog] - [FINE] - tronplayer responded with move MOVE_LEFT for turn 2
21/09/2014 10:50:45.693 - ResponseLog] - [FINE] - 1 (19, 10) wants to move LEFT
21/09/2014 10:50:45.792 - ResponseLog] - [FINE] - AI responded with move MOVE_RIGHT for turn 3
21/09/2014 10:50:45.793 - ResponseLog] - [FINE] - 0 (4, 12) wants to move RIGHT
21/09/2014 10:50:45.793 - ResponseLog] - [FINE] - tronplayer responded with move MOVE_LEFT for turn 3
21/09/2014 10:50:45.794 - ResponseLog] - [FINE] - 1 (18, 10) wants to move LEFT
21/09/2014 10:50:45.888 - ResponseLog] - [FINE] - AI responded with move MOVE_RIGHT for turn 4
21/09/2014 10:50:45.888 - ResponseLog] - [FINE] - 0 (5, 12) wants to move RIGHT
21/09/2014 10:50:45.889 - ResponseLog] - [FINE] - tronplayer responded with move MOVE_LEFT for turn 4
21/09/2014 10:50:45.889 - ResponseLog] - [FINE] - 1 (17, 10) wants to move LEFT
21/09/2014 10:50:46.000 - ResponseLog] - [FINE] - AI responded with move MOVE_UP for turn 5
21/09/2014 10:50:46.000 - ResponseLog] - [FINE] - 0 (6, 12) wants to move UP
21/09/2014 10:50:46.000 - ResponseLog] - [FINE] - tronplayer responded with move MOVE_DOWN for turn 5
21/09/2014 10:50:46.000 - ResponseLog] - [FINE] - 1 (16, 10) wants to move DOWN
21/09/2014 10:50:46.088 - ResponseLog] - [FINE] - AI responded with move MOVE_UP for turn 6
21/09/2014 10:50:46.088 - ResponseLog] - [FINE] - 0 (6, 11) wants to move UP
21/09/2014 10:50:46.089 - ResponseLog] - [FINE] - tronplayer responded with move MOVE_DOWN for turn 6
21/09/2014 10:50:46.089 - ResponseLog] - [FINE] - 1 (16, 11) wants to move DOWN
21/09/2014 10:50:46.176 - ResponseLog] - [FINE] - AI responded with move MOVE_UP for turn 7
21/09/2014 10:50:46.176 - ResponseLog] - [FINE] - 0 (6, 10) wants to move UP
21/09/2014 10:50:46.177 - ResponseLog] - [FINE] - tronplayer responded with move MOVE_DOWN for turn 7
21/09/2014 10:50:46.177 - ResponseLog] - [FINE] - 1 (16, 12) wants to move DOWN
21/09/2014 10:50:46.268 - ResponseLog] - [FINE] - AI responded with move MOVE_RIGHT for turn 8
21/09/2014 10:50:46.268 - ResponseLog] - [FINE] - 0 (6, 9) wants to move RIGHT
21/09/2014 10:50:46.269 - ResponseLog] - [FINE] - tronplayer responded with move MOVE_LEFT for turn 8
21/09/2014 10:50:46.273 - ResponseLog] - [FINE] - 1 (16, 13) wants to move LEFT
21/09/2014 10:50:46.376 - ResponseLog] - [FINE] - AI responded with move MOVE_RIGHT for turn 9
21/09/2014 10:50:46.376 - ResponseLog] - [FINE] - 0 (7, 9) wants to move RIGHT
21/09/2014 10:50:46.376 - ResponseLog] - [FINE] - tronplayer responded with move MOVE_LEFT for turn 9
21/09/2014 10:50:46.379 - ResponseLog] - [FINE] - 1 (15, 13) wants to move LEFT
21/09/2014 10:50:46.468 - ResponseLog] - [FINE] - AI responded with move MOVE_RIGHT for turn 10
21/09/2014 10:50:46.468 - ResponseLog] - [FINE] - 0 (8, 9) wants to move RIGHT
21/09/2014 10:50:46.469 - ResponseLog] - [FINE] - tronplayer responded with move MOVE_LEFT for turn 10
21/09/2014 10:50:46.469 - ResponseLog] - [FINE] - 1 (14, 13) wants to move LEFT
21/09/2014 10:50:46.560 - ResponseLog] - [FINE] - AI responded with move MOVE_UP for turn 11
21/09/2014 10:50:46.560 - ResponseLog] - [FINE] - 0 (9, 9) wants to move UP
21/09/2014 10:50:46.561 - ResponseLog] - [FINE] - tronplayer responded with move MOVE_DOWN for turn 11
21/09/2014 10:50:46.561 - ResponseLog] - [FINE] - 1 (13, 13) wants to move DOWN
21/09/2014 10:50:46.652 - ResponseLog] - [FINE] - AI responded with move MOVE_UP for turn 12
21/09/2014 10:50:46.652 - ResponseLog] - [FINE] - 0 (9, 8) wants to move UP
21/09/2014 10:50:46.652 - ResponseLog] - [FINE] - tronplayer responded with move MOVE_DOWN for turn 12
21/09/2014 10:50:46.653 - ResponseLog] - [FINE] - 1 (13, 14) wants to move DOWN
21/09/2014 10:50:46.748 - ResponseLog] - [FINE] - AI responded with move MOVE_UP for turn 13
21/09/2014 10:50:46.748 - ResponseLog] - [FINE] - 0 (9, 7) wants to move UP
21/09/2014 10:50:46.749 - ResponseLog] - [FINE] - tronplayer responded with move MOVE_DOWN for turn 13
21/09/2014 10:50:46.749 - ResponseLog] - [FINE] - 1 (13, 15) wants to move DOWN
21/09/2014 10:50:46.844 - ResponseLog] - [FINE] - AI responded with move MOVE_LEFT for turn 14
21/09/2014 10:50:46.845 - ResponseLog] - [FINE] - 0 (9, 6) wants to move LEFT
21/09/2014 10:50:46.845 - ResponseLog] - [FINE] - tronplayer responded with move MOVE_RIGHT for turn 14
21/09/2014 10:50:46.851 - ResponseLog] - [FINE] - 1 (13, 16) wants to move RIGHT
21/09/2014 10:50:46.944 - ResponseLog] - [FINE] - AI responded with move MOVE_UP for turn 15
21/09/2014 10:50:46.944 - ResponseLog] - [FINE] - 0 (8, 6) wants to move UP
21/09/2014 10:50:46.944 - ResponseLog] - [FINE] - tronplayer responded with move MOVE_DOWN for turn 15
21/09/2014 10:50:46.945 - ResponseLog] - [FINE] - 1 (14, 16) wants to move DOWN
21/09/2014 10:50:47.044 - ResponseLog] - [FINE] - AI responded with move MOVE_LEFT for turn 16
21/09/2014 10:50:47.044 - ResponseLog] - [FINE] - 0 (8, 5) wants to move LEFT
21/09/2014 10:50:47.044 - ResponseLog] - [FINE] - tronplayer responded with move MOVE_RIGHT for turn 16
21/09/2014 10:50:47.045 - ResponseLog] - [FINE] - 1 (14, 17) wants to move RIGHT
21/09/2014 10:50:47.144 - ResponseLog] - [FINE] - AI responded with move MOVE_LEFT for turn 17
21/09/2014 10:50:47.144 - ResponseLog] - [FINE] - 0 (7, 5) wants to move LEFT
21/09/2014 10:50:47.144 - ResponseLog] - [FINE] - tronplayer responded with move MOVE_RIGHT for turn 17
21/09/2014 10:50:47.144 - ResponseLog] - [FINE] - 1 (15, 17) wants to move RIGHT
21/09/2014 10:50:47.232 - ResponseLog] - [FINE] - AI responded with move MOVE_LEFT for turn 18
21/09/2014 10:50:47.232 - ResponseLog] - [FINE] - 0 (6, 5) wants to move LEFT
21/09/2014 10:50:47.233 - ResponseLog] - [FINE] - tronplayer responded with move MOVE_RIGHT for turn 18
21/09/2014 10:50:47.233 - ResponseLog] - [FINE] - 1 (16, 17) wants to move RIGHT
21/09/2014 10:50:47.324 - ResponseLog] - [FINE] - AI responded with move MOVE_LEFT for turn 19
21/09/2014 10:50:47.324 - ResponseLog] - [FINE] - 0 (5, 5) wants to move LEFT
21/09/2014 10:50:47.324 - ResponseLog] - [FINE] - tronplayer responded with move MOVE_RIGHT for turn 19
21/09/2014 10:50:47.325 - ResponseLog] - [FINE] - 1 (17, 17) wants to move RIGHT
21/09/2014 10:50:47.412 - ResponseLog] - [FINE] - AI responded with move MOVE_LEFT for turn 20
21/09/2014 10:50:47.412 - ResponseLog] - [FINE] - 0 (4, 5) wants to move LEFT
21/09/2014 10:50:47.413 - ResponseLog] - [FINE] - tronplayer responded with move MOVE_RIGHT for turn 20
21/09/2014 10:50:47.413 - ResponseLog] - [FINE] - 1 (18, 17) wants to move RIGHT
21/09/2014 10:50:47.504 - ResponseLog] - [FINE] - AI responded with move MOVE_LEFT for turn 21
21/09/2014 10:50:47.504 - ResponseLog] - [FINE] - 0 (3, 5) wants to move LEFT
21/09/2014 10:50:47.504 - ResponseLog] - [FINE] - tronplayer responded with move MOVE_RIGHT for turn 21
21/09/2014 10:50:47.505 - ResponseLog] - [FINE] - 1 (19, 17) wants to move RIGHT
21/09/2014 10:50:47.596 - ResponseLog] - [FINE] - AI responded with move MOVE_UP for turn 22
21/09/2014 10:50:47.596 - ResponseLog] - [FINE] - 0 (2, 5) wants to move UP
21/09/2014 10:50:47.597 - ResponseLog] - [FINE] - tronplayer responded with move MOVE_DOWN for turn 22
21/09/2014 10:50:47.597 - ResponseLog] - [FINE] - 1 (20, 17) wants to move DOWN
21/09/2014 10:50:47.689 - ResponseLog] - [FINE] - AI responded with move MOVE_UP for turn 23
21/09/2014 10:50:47.690 - ResponseLog] - [FINE] - 0 (2, 4) wants to move UP
21/09/2014 10:50:47.690 - ResponseLog] - [FINE] - tronplayer responded with move MOVE_DOWN for turn 23
21/09/2014 10:50:47.690 - ResponseLog] - [FINE] - 1 (20, 18) wants to move DOWN
21/09/2014 10:50:47.784 - ResponseLog] - [FINE] - AI responded with move MOVE_UP for turn 24
21/09/2014 10:50:47.784 - ResponseLog] - [FINE] - 0 (2, 3) wants to move UP
21/09/2014 10:50:47.784 - ResponseLog] - [FINE] - tronplayer responded with move MOVE_DOWN for turn 24
21/09/2014 10:50:47.785 - ResponseLog] - [FINE] - 1 (20, 19) wants to move DOWN
21/09/2014 10:50:47.884 - ResponseLog] - [FINE] - AI responded with move MOVE_UP for turn 25
21/09/2014 10:50:47.884 - ResponseLog] - [FINE] - 0 (2, 2) wants to move UP
21/09/2014 10:50:47.884 - ResponseLog] - [FINE] - tronplayer responded with move MOVE_DOWN for turn 25
21/09/2014 10:50:47.884 - ResponseLog] - [FINE] - 1 (20, 20) wants to move DOWN
21/09/2014 10:50:47.972 - ResponseLog] - [FINE] - AI responded with move MOVE_LEFT for turn 26
21/09/2014 10:50:47.972 - ResponseLog] - [FINE] - 0 (2, 1) wants to move LEFT
21/09/2014 10:50:47.972 - ResponseLog] - [FINE] - tronplayer responded with move MOVE_LEFT for turn 26
21/09/2014 10:50:47.972 - ResponseLog] - [FINE] - 1 (20, 21) wants to move LEFT
21/09/2014 10:50:48.068 - ResponseLog] - [FINE] - AI responded with move MOVE_DOWN for turn 27
21/09/2014 10:50:48.068 - ResponseLog] - [FINE] - 0 (1, 1) wants to move DOWN
21/09/2014 10:50:48.068 - ResponseLog] - [FINE] - tronplayer responded with move MOVE_UP for turn 27
21/09/2014 10:50:48.069 - ResponseLog] - [FINE] - 1 (19, 21) wants to move UP
21/09/2014 10:50:48.160 - ResponseLog] - [FINE] - AI responded with move MOVE_DOWN for turn 28
21/09/2014 10:50:48.161 - ResponseLog] - [FINE] - 0 (1, 2) wants to move DOWN
21/09/2014 10:50:48.161 - ResponseLog] - [FINE] - tronplayer responded with move MOVE_UP for turn 28
21/09/2014 10:50:48.161 - ResponseLog] - [FINE] - 1 (19, 20) wants to move UP
21/09/2014 10:50:48.252 - ResponseLog] - [FINE] - AI responded with move MOVE_DOWN for turn 29
21/09/2014 10:50:48.253 - ResponseLog] - [FINE] - 0 (1, 3) wants to move DOWN
21/09/2014 10:50:48.253 - ResponseLog] - [FINE] - tronplayer responded with move MOVE_UP for turn 29
21/09/2014 10:50:48.253 - ResponseLog] - [FINE] - 1 (19, 19) wants to move UP
21/09/2014 10:50:48.340 - ResponseLog] - [FINE] - AI responded with move MOVE_DOWN for turn 30
21/09/2014 10:50:48.340 - ResponseLog] - [FINE] - 0 (1, 4) wants to move DOWN
21/09/2014 10:50:48.341 - ResponseLog] - [FINE] - tronplayer responded with move MOVE_LEFT for turn 30
21/09/2014 10:50:48.341 - ResponseLog] - [FINE] - 1 (19, 18) wants to move LEFT
21/09/2014 10:50:48.432 - ResponseLog] - [FINE] - AI responded with move MOVE_DOWN for turn 31
21/09/2014 10:50:48.432 - ResponseLog] - [FINE] - 0 (1, 5) wants to move DOWN
21/09/2014 10:50:48.433 - ResponseLog] - [FINE] - tronplayer responded with move MOVE_DOWN for turn 31
21/09/2014 10:50:48.433 - ResponseLog] - [FINE] - 1 (18, 18) wants to move DOWN
21/09/2014 10:50:48.524 - ResponseLog] - [FINE] - AI responded with move MOVE_DOWN for turn 32
21/09/2014 10:50:48.524 - ResponseLog] - [FINE] - 0 (1, 6) wants to move DOWN
21/09/2014 10:50:48.524 - ResponseLog] - [FINE] - tronplayer responded with move MOVE_DOWN for turn 32
21/09/2014 10:50:48.525 - ResponseLog] - [FINE] - 1 (18, 19) wants to move DOWN
21/09/2014 10:50:48.612 - ResponseLog] - [FINE] - AI responded with move MOVE_DOWN for turn 33
21/09/2014 10:50:48.612 - ResponseLog] - [FINE] - 0 (1, 7) wants to move DOWN
21/09/2014 10:50:48.612 - ResponseLog] - [FINE] - tronplayer responded with move MOVE_DOWN for turn 33
21/09/2014 10:50:48.613 - ResponseLog] - [FINE] - 1 (18, 20) wants to move DOWN
21/09/2014 10:50:48.708 - ResponseLog] - [FINE] - AI responded with move MOVE_DOWN for turn 34
21/09/2014 10:50:48.708 - ResponseLog] - [FINE] - 0 (1, 8) wants to move DOWN
21/09/2014 10:50:48.708 - ResponseLog] - [FINE] - tronplayer responded with move MOVE_LEFT for turn 34
21/09/2014 10:50:48.708 - ResponseLog] - [FINE] - 1 (18, 21) wants to move LEFT
21/09/2014 10:50:48.796 - ResponseLog] - [FINE] - AI responded with move MOVE_RIGHT for turn 35
21/09/2014 10:50:48.796 - ResponseLog] - [FINE] - 0 (1, 9) wants to move RIGHT
21/09/2014 10:50:48.796 - ResponseLog] - [FINE] - tronplayer responded with move MOVE_UP for turn 35
21/09/2014 10:50:48.797 - ResponseLog] - [FINE] - 1 (17, 21) wants to move UP
21/09/2014 10:50:48.888 - ResponseLog] - [FINE] - AI responded with move MOVE_RIGHT for turn 36
21/09/2014 10:50:48.888 - ResponseLog] - [FINE] - 0 (2, 9) wants to move RIGHT
21/09/2014 10:50:48.888 - ResponseLog] - [FINE] - tronplayer responded with move MOVE_UP for turn 36
21/09/2014 10:50:48.888 - ResponseLog] - [FINE] - 1 (17, 20) wants to move UP
21/09/2014 10:50:48.980 - ResponseLog] - [FINE] - AI responded with move MOVE_UP for turn 37
21/09/2014 10:50:48.980 - ResponseLog] - [FINE] - 0 (3, 9) wants to move UP
21/09/2014 10:50:48.980 - ResponseLog] - [FINE] - tronplayer responded with move MOVE_UP for turn 37
21/09/2014 10:50:48.981 - ResponseLog] - [FINE] - 1 (17, 19) wants to move UP
21/09/2014 10:50:49.068 - ResponseLog] - [FINE] - AI responded with move MOVE_RIGHT for turn 38
21/09/2014 10:50:49.068 - ResponseLog] - [FINE] - 0 (3, 8) wants to move RIGHT
21/09/2014 10:50:49.068 - ResponseLog] - [FINE] - tronplayer responded with move MOVE_LEFT for turn 38
21/09/2014 10:50:49.069 - ResponseLog] - [FINE] - 1 (17, 18) wants to move LEFT
21/09/2014 10:50:49.168 - ResponseLog] - [FINE] - AI responded with move MOVE_UP for turn 39
21/09/2014 10:50:49.168 - ResponseLog] - [FINE] - 0 (4, 8) wants to move UP
21/09/2014 10:50:49.168 - ResponseLog] - [FINE] - tronplayer responded with move MOVE_DOWN for turn 39
21/09/2014 10:50:49.168 - ResponseLog] - [FINE] - 1 (16, 18) wants to move DOWN
21/09/2014 10:50:49.256 - ResponseLog] - [FINE] - AI responded with move MOVE_RIGHT for turn 40
21/09/2014 10:50:49.256 - ResponseLog] - [FINE] - 0 (4, 7) wants to move RIGHT
21/09/2014 10:50:49.256 - ResponseLog] - [FINE] - tronplayer responded with move MOVE_DOWN for turn 40
21/09/2014 10:50:49.257 - ResponseLog] - [FINE] - 1 (16, 19) wants to move DOWN
21/09/2014 10:50:49.344 - ResponseLog] - [FINE] - AI responded with move MOVE_UP for turn 41
21/09/2014 10:50:49.344 - ResponseLog] - [FINE] - 0 (5, 7) wants to move UP
21/09/2014 10:50:49.344 - ResponseLog] - [FINE] - tronplayer responded with move MOVE_DOWN for turn 41
21/09/2014 10:50:49.344 - ResponseLog] - [FINE] - 1 (16, 20) wants to move DOWN
21/09/2014 10:50:49.432 - ResponseLog] - [FINE] - AI responded with move MOVE_RIGHT for turn 42
21/09/2014 10:50:49.432 - ResponseLog] - [FINE] - 0 (5, 6) wants to move RIGHT
21/09/2014 10:50:49.432 - ResponseLog] - [FINE] - tronplayer responded with move MOVE_LEFT for turn 42
21/09/2014 10:50:49.432 - ResponseLog] - [FINE] - 1 (16, 21) wants to move LEFT
21/09/2014 10:50:49.528 - ResponseLog] - [FINE] - AI responded with move MOVE_RIGHT for turn 43
21/09/2014 10:50:49.528 - ResponseLog] - [FINE] - 0 (6, 6) wants to move RIGHT
21/09/2014 10:50:49.529 - ResponseLog] - [FINE] - tronplayer responded with move MOVE_LEFT for turn 43
21/09/2014 10:50:49.529 - ResponseLog] - [FINE] - 1 (15, 21) wants to move LEFT
21/09/2014 10:50:49.616 - ResponseLog] - [FINE] - AI responded with move MOVE_DOWN for turn 44
21/09/2014 10:50:49.616 - ResponseLog] - [FINE] - 0 (7, 6) wants to move DOWN
21/09/2014 10:50:49.617 - ResponseLog] - [FINE] - tronplayer responded with move MOVE_UP for turn 44
21/09/2014 10:50:49.617 - ResponseLog] - [FINE] - 1 (14, 21) wants to move UP
21/09/2014 10:50:49.704 - ResponseLog] - [FINE] - AI responded with move MOVE_RIGHT for turn 45
21/09/2014 10:50:49.704 - ResponseLog] - [FINE] - 0 (7, 7) wants to move RIGHT
21/09/2014 10:50:49.704 - ResponseLog] - [FINE] - tronplayer responded with move MOVE_UP for turn 45
21/09/2014 10:50:49.705 - ResponseLog] - [FINE] - 1 (14, 20) wants to move UP
21/09/2014 10:50:49.804 - ResponseLog] - [FINE] - AI responded with move MOVE_DOWN for turn 46
21/09/2014 10:50:49.804 - ResponseLog] - [FINE] - 0 (8, 7) wants to move DOWN
21/09/2014 10:50:49.804 - ResponseLog] - [FINE] - tronplayer responded with move MOVE_LEFT for turn 46
21/09/2014 10:50:49.804 - ResponseLog] - [FINE] - 1 (14, 19) wants to move LEFT
21/09/2014 10:50:49.892 - ResponseLog] - [FINE] - AI responded with move MOVE_LEFT for turn 47
21/09/2014 10:50:49.892 - ResponseLog] - [FINE] - 0 (8, 8) wants to move LEFT
21/09/2014 10:50:49.892 - ResponseLog] - [FINE] - tronplayer responded with move MOVE_DOWN for turn 47
21/09/2014 10:50:49.892 - ResponseLog] - [FINE] - 1 (13, 19) wants to move DOWN
21/09/2014 10:50:49.980 - ResponseLog] - [FINE] - AI responded with move MOVE_LEFT for turn 48
21/09/2014 10:50:49.980 - ResponseLog] - [FINE] - 0 (7, 8) wants to move LEFT
21/09/2014 10:50:49.980 - ResponseLog] - [FINE] - tronplayer responded with move MOVE_DOWN for turn 48
21/09/2014 10:50:49.980 - ResponseLog] - [FINE] - 1 (13, 20) wants to move DOWN
21/09/2014 10:50:50.072 - ResponseLog] - [FINE] - AI responded with move MOVE_LEFT for turn 49
21/09/2014 10:50:50.072 - ResponseLog] - [FINE] - 0 (6, 8) wants to move LEFT
21/09/2014 10:50:50.072 - ResponseLog] - [FINE] - tronplayer responded with move MOVE_LEFT for turn 49
21/09/2014 10:50:50.072 - ResponseLog] - [FINE] - 1 (13, 21) wants to move LEFT
21/09/2014 10:50:50.164 - ResponseLog] - [FINE] - AI responded with move MOVE_DOWN for turn 50
21/09/2014 10:50:50.164 - ResponseLog] - [FINE] - 0 (5, 8) wants to move DOWN
21/09/2014 10:50:50.164 - ResponseLog] - [FINE] - tronplayer responded with move MOVE_UP for turn 50
21/09/2014 10:50:50.165 - ResponseLog] - [FINE] - 1 (12, 21) wants to move UP
21/09/2014 10:50:50.272 - ResponseLog] - [FINE] - AI responded with move MOVE_DOWN for turn 51
21/09/2014 10:50:50.272 - ResponseLog] - [FINE] - 0 (5, 9) wants to move DOWN
21/09/2014 10:50:50.272 - ResponseLog] - [FINE] - tronplayer responded with move MOVE_UP for turn 51
21/09/2014 10:50:50.272 - ResponseLog] - [FINE] - 1 (12, 20) wants to move UP
21/09/2014 10:50:50.372 - ResponseLog] - [FINE] - AI responded with move MOVE_LEFT for turn 52
21/09/2014 10:50:50.372 - ResponseLog] - [FINE] - 0 (5, 10) wants to move LEFT
21/09/2014 10:50:50.372 - ResponseLog] - [FINE] - tronplayer responded with move MOVE_UP for turn 52
21/09/2014 10:50:50.373 - ResponseLog] - [FINE] - 1 (12, 19) wants to move UP
21/09/2014 10:50:50.464 - ResponseLog] - [FINE] - AI responded with move MOVE_LEFT for turn 53
21/09/2014 10:50:50.464 - ResponseLog] - [FINE] - 0 (4, 10) wants to move LEFT
21/09/2014 10:50:50.464 - ResponseLog] - [FINE] - tronplayer responded with move MOVE_LEFT for turn 53
21/09/2014 10:50:50.464 - ResponseLog] - [FINE] - 1 (12, 18) wants to move LEFT
21/09/2014 10:50:50.556 - ResponseLog] - [FINE] - AI responded with move MOVE_LEFT for turn 54
21/09/2014 10:50:50.556 - ResponseLog] - [FINE] - 0 (3, 10) wants to move LEFT
21/09/2014 10:50:50.556 - ResponseLog] - [FINE] - tronplayer responded with move MOVE_UP for turn 54
21/09/2014 10:50:50.556 - ResponseLog] - [FINE] - 1 (11, 18) wants to move UP
21/09/2014 10:50:50.652 - ResponseLog] - [FINE] - AI responded with move MOVE_DOWN for turn 55
21/09/2014 10:50:50.652 - ResponseLog] - [FINE] - 0 (2, 10) wants to move DOWN
21/09/2014 10:50:50.652 - ResponseLog] - [FINE] - tronplayer responded with move MOVE_UP for turn 55
21/09/2014 10:50:50.652 - ResponseLog] - [FINE] - 1 (11, 17) wants to move UP
21/09/2014 10:50:50.748 - ResponseLog] - [FINE] - AI responded with move MOVE_LEFT for turn 56
21/09/2014 10:50:50.748 - ResponseLog] - [FINE] - 0 (2, 11) wants to move LEFT
21/09/2014 10:50:50.748 - ResponseLog] - [FINE] - tronplayer responded with move MOVE_UP for turn 56
21/09/2014 10:50:50.749 - ResponseLog] - [FINE] - 1 (11, 16) wants to move UP
21/09/2014 10:50:50.836 - ResponseLog] - [FINE] - AI responded with move MOVE_DOWN for turn 57
21/09/2014 10:50:50.837 - ResponseLog] - [FINE] - 0 (1, 11) wants to move DOWN
21/09/2014 10:50:50.837 - ResponseLog] - [FINE] - tronplayer responded with move MOVE_UP for turn 57
21/09/2014 10:50:50.839 - ResponseLog] - [FINE] - 1 (11, 15) wants to move UP
21/09/2014 10:50:50.928 - ResponseLog] - [FINE] - AI responded with move MOVE_DOWN for turn 58
21/09/2014 10:50:50.928 - ResponseLog] - [FINE] - 0 (1, 12) wants to move DOWN
21/09/2014 10:50:50.928 - ResponseLog] - [FINE] - tronplayer responded with move MOVE_UP for turn 58
21/09/2014 10:50:50.928 - ResponseLog] - [FINE] - 1 (11, 14) wants to move UP
21/09/2014 10:50:51.016 - ResponseLog] - [FINE] - AI responded with move MOVE_DOWN for turn 59
21/09/2014 10:50:51.016 - ResponseLog] - [FINE] - 0 (1, 13) wants to move DOWN
21/09/2014 10:50:51.016 - ResponseLog] - [FINE] - tronplayer responded with move MOVE_UP for turn 59
21/09/2014 10:50:51.016 - ResponseLog] - [FINE] - 1 (11, 13) wants to move UP
21/09/2014 10:50:51.120 - ResponseLog] - [FINE] - AI responded with move MOVE_DOWN for turn 60
21/09/2014 10:50:51.120 - ResponseLog] - [FINE] - 0 (1, 14) wants to move DOWN
21/09/2014 10:50:51.120 - ResponseLog] - [FINE] - tronplayer responded with move MOVE_UP for turn 60
21/09/2014 10:50:51.121 - ResponseLog] - [FINE] - 1 (11, 12) wants to move UP
21/09/2014 10:50:51.220 - ResponseLog] - [FINE] - AI responded with move MOVE_DOWN for turn 61
21/09/2014 10:50:51.221 - ResponseLog] - [FINE] - 0 (1, 15) wants to move DOWN
21/09/2014 10:50:51.221 - ResponseLog] - [FINE] - tronplayer responded with move MOVE_UP for turn 61
21/09/2014 10:50:51.221 - ResponseLog] - [FINE] - 1 (11, 11) wants to move UP
21/09/2014 10:50:51.308 - ResponseLog] - [FINE] - AI responded with move MOVE_DOWN for turn 62
21/09/2014 10:50:51.308 - ResponseLog] - [FINE] - 0 (1, 16) wants to move DOWN
21/09/2014 10:50:51.308 - ResponseLog] - [FINE] - tronplayer responded with move MOVE_UP for turn 62
21/09/2014 10:50:51.308 - ResponseLog] - [FINE] - 1 (11, 10) wants to move UP
21/09/2014 10:50:51.396 - ResponseLog] - [FINE] - AI responded with move MOVE_DOWN for turn 63
21/09/2014 10:50:51.396 - ResponseLog] - [FINE] - 0 (1, 17) wants to move DOWN
21/09/2014 10:50:51.396 - ResponseLog] - [FINE] - tronplayer responded with move MOVE_UP for turn 63
21/09/2014 10:50:51.396 - ResponseLog] - [FINE] - 1 (11, 9) wants to move UP
21/09/2014 10:50:51.488 - ResponseLog] - [FINE] - AI responded with move MOVE_DOWN for turn 64
21/09/2014 10:50:51.488 - ResponseLog] - [FINE] - 0 (1, 18) wants to move DOWN
21/09/2014 10:50:51.489 - ResponseLog] - [FINE] - tronplayer responded with move MOVE_UP for turn 64
21/09/2014 10:50:51.489 - ResponseLog] - [FINE] - 1 (11, 8) wants to move UP
21/09/2014 10:50:51.580 - ResponseLog] - [FINE] - AI responded with move MOVE_DOWN for turn 65
21/09/2014 10:50:51.580 - ResponseLog] - [FINE] - 0 (1, 19) wants to move DOWN
21/09/2014 10:50:51.580 - ResponseLog] - [FINE] - tronplayer responded with move MOVE_UP for turn 65
21/09/2014 10:50:51.581 - ResponseLog] - [FINE] - 1 (11, 7) wants to move UP
21/09/2014 10:50:51.668 - ResponseLog] - [FINE] - AI responded with move MOVE_DOWN for turn 66
21/09/2014 10:50:51.668 - ResponseLog] - [FINE] - 0 (1, 20) wants to move DOWN
21/09/2014 10:50:51.668 - ResponseLog] - [FINE] - tronplayer responded with move MOVE_UP for turn 66
21/09/2014 10:50:51.669 - ResponseLog] - [FINE] - 1 (11, 6) wants to move UP
21/09/2014 10:50:51.756 - ResponseLog] - [FINE] - AI responded with move MOVE_RIGHT for turn 67
21/09/2014 10:50:51.756 - ResponseLog] - [FINE] - 0 (1, 21) wants to move RIGHT
21/09/2014 10:50:51.756 - ResponseLog] - [FINE] - tronplayer responded with move MOVE_UP for turn 67
21/09/2014 10:50:51.756 - ResponseLog] - [FINE] - 1 (11, 5) wants to move UP
21/09/2014 10:50:51.844 - ResponseLog] - [FINE] - AI responded with move MOVE_UP for turn 68
21/09/2014 10:50:51.844 - ResponseLog] - [FINE] - 0 (2, 21) wants to move UP
21/09/2014 10:50:51.844 - ResponseLog] - [FINE] - tronplayer responded with move MOVE_UP for turn 68
21/09/2014 10:50:51.844 - ResponseLog] - [FINE] - 1 (11, 4) wants to move UP
21/09/2014 10:50:51.932 - ResponseLog] - [FINE] - AI responded with move MOVE_UP for turn 69
21/09/2014 10:50:51.932 - ResponseLog] - [FINE] - 0 (2, 20) wants to move UP
21/09/2014 10:50:51.932 - ResponseLog] - [FINE] - tronplayer responded with move MOVE_UP for turn 69
21/09/2014 10:50:51.932 - ResponseLog] - [FINE] - 1 (11, 3) wants to move UP
21/09/2014 10:50:52.028 - ResponseLog] - [FINE] - AI responded with move MOVE_UP for turn 70
21/09/2014 10:50:52.028 - ResponseLog] - [FINE] - 0 (2, 19) wants to move UP
21/09/2014 10:50:52.028 - ResponseLog] - [FINE] - tronplayer responded with move MOVE_LEFT for turn 70
21/09/2014 10:50:52.028 - ResponseLog] - [FINE] - 1 (11, 2) wants to move LEFT
21/09/2014 10:50:52.120 - ResponseLog] - [FINE] - AI responded with move MOVE_UP for turn 71
21/09/2014 10:50:52.120 - ResponseLog] - [FINE] - 0 (2, 18) wants to move UP
21/09/2014 10:50:52.120 - ResponseLog] - [FINE] - tronplayer responded with move MOVE_DOWN for turn 71
21/09/2014 10:50:52.121 - ResponseLog] - [FINE] - 1 (10, 2) wants to move DOWN
21/09/2014 10:50:52.208 - ResponseLog] - [FINE] - AI responded with move MOVE_UP for turn 72
21/09/2014 10:50:52.208 - ResponseLog] - [FINE] - 0 (2, 17) wants to move UP
21/09/2014 10:50:52.208 - ResponseLog] - [FINE] - tronplayer responded with move MOVE_LEFT for turn 72
21/09/2014 10:50:52.208 - ResponseLog] - [FINE] - 1 (10, 3) wants to move LEFT
21/09/2014 10:50:52.296 - ResponseLog] - [FINE] - AI responded with move MOVE_UP for turn 73
21/09/2014 10:50:52.296 - ResponseLog] - [FINE] - 0 (2, 16) wants to move UP
21/09/2014 10:50:52.296 - ResponseLog] - [FINE] - tronplayer responded with move MOVE_UP for turn 73
21/09/2014 10:50:52.296 - ResponseLog] - [FINE] - 1 (9, 3) wants to move UP
21/09/2014 10:50:52.384 - ResponseLog] - [FINE] - AI responded with move MOVE_UP for turn 74
21/09/2014 10:50:52.384 - ResponseLog] - [FINE] - 0 (2, 15) wants to move UP
21/09/2014 10:50:52.385 - ResponseLog] - [FINE] - tronplayer responded with move MOVE_LEFT for turn 74
21/09/2014 10:50:52.385 - ResponseLog] - [FINE] - 1 (9, 2) wants to move LEFT
21/09/2014 10:50:52.476 - ResponseLog] - [FINE] - AI responded with move MOVE_UP for turn 75
21/09/2014 10:50:52.476 - ResponseLog] - [FINE] - 0 (2, 14) wants to move UP
21/09/2014 10:50:52.476 - ResponseLog] - [FINE] - tronplayer responded with move MOVE_DOWN for turn 75
21/09/2014 10:50:52.476 - ResponseLog] - [FINE] - 1 (8, 2) wants to move DOWN
21/09/2014 10:50:52.568 - ResponseLog] - [FINE] - AI responded with move MOVE_RIGHT for turn 76
21/09/2014 10:50:52.568 - ResponseLog] - [FINE] - 0 (2, 13) wants to move RIGHT
21/09/2014 10:50:52.568 - ResponseLog] - [FINE] - tronplayer responded with move MOVE_LEFT for turn 76
21/09/2014 10:50:52.568 - ResponseLog] - [FINE] - 1 (8, 3) wants to move LEFT
21/09/2014 10:50:52.656 - ResponseLog] - [FINE] - AI responded with move MOVE_DOWN for turn 77
21/09/2014 10:50:52.656 - ResponseLog] - [FINE] - 0 (3, 13) wants to move DOWN
21/09/2014 10:50:52.656 - ResponseLog] - [FINE] - tronplayer responded with move MOVE_LEFT for turn 77
21/09/2014 10:50:52.656 - ResponseLog] - [FINE] - 1 (7, 3) wants to move LEFT
21/09/2014 10:50:52.744 - ResponseLog] - [FINE] - AI responded with move MOVE_DOWN for turn 78
21/09/2014 10:50:52.744 - ResponseLog] - [FINE] - 0 (3, 14) wants to move DOWN
21/09/2014 10:50:52.744 - ResponseLog] - [FINE] - tronplayer responded with move MOVE_UP for turn 78
21/09/2014 10:50:52.744 - ResponseLog] - [FINE] - 1 (6, 3) wants to move UP
21/09/2014 10:50:52.832 - ResponseLog] - [FINE] - AI responded with move MOVE_DOWN for turn 79
21/09/2014 10:50:52.832 - ResponseLog] - [FINE] - 0 (3, 15) wants to move DOWN
21/09/2014 10:50:52.832 - ResponseLog] - [FINE] - tronplayer responded with move MOVE_LEFT for turn 79
21/09/2014 10:50:52.832 - ResponseLog] - [FINE] - 1 (6, 2) wants to move LEFT
21/09/2014 10:50:52.920 - ResponseLog] - [FINE] - AI responded with move MOVE_DOWN for turn 80
21/09/2014 10:50:52.922 - ResponseLog] - [FINE] - 0 (3, 16) wants to move DOWN
21/09/2014 10:50:52.922 - ResponseLog] - [FINE] - tronplayer responded with move MOVE_DOWN for turn 80
21/09/2014 10:50:52.923 - ResponseLog] - [FINE] - 1 (5, 2) wants to move DOWN
21/09/2014 10:50:53.008 - ResponseLog] - [FINE] - AI responded with move MOVE_DOWN for turn 81
21/09/2014 10:50:53.008 - ResponseLog] - [FINE] - 0 (3, 17) wants to move DOWN
21/09/2014 10:50:53.008 - ResponseLog] - [FINE] - tronplayer responded with move MOVE_LEFT for turn 81
21/09/2014 10:50:53.008 - ResponseLog] - [FINE] - 1 (5, 3) wants to move LEFT
21/09/2014 10:50:53.096 - ResponseLog] - [FINE] - AI responded with move MOVE_DOWN for turn 82
21/09/2014 10:50:53.096 - ResponseLog] - [FINE] - 0 (3, 18) wants to move DOWN
21/09/2014 10:50:53.096 - ResponseLog] - [FINE] - tronplayer responded with move MOVE_DOWN for turn 82
21/09/2014 10:50:53.096 - ResponseLog] - [FINE] - 1 (4, 3) wants to move DOWN
21/09/2014 10:50:53.183 - ResponseLog] - [FINE] - AI responded with move MOVE_DOWN for turn 83
21/09/2014 10:50:53.184 - ResponseLog] - [FINE] - 0 (3, 19) wants to move DOWN
21/09/2014 10:50:53.184 - ResponseLog] - [FINE] - tronplayer responded with move MOVE_LEFT for turn 83
21/09/2014 10:50:53.184 - ResponseLog] - [FINE] - 1 (4, 4) wants to move LEFT
21/09/2014 10:50:53.268 - ResponseLog] - [FINE] - AI responded with move MOVE_DOWN for turn 84
21/09/2014 10:50:53.268 - ResponseLog] - [FINE] - 0 (3, 20) wants to move DOWN
21/09/2014 10:50:53.268 - ResponseLog] - [FINE] - tronplayer responded with move MOVE_UP for turn 84
21/09/2014 10:50:53.268 - ResponseLog] - [FINE] - 1 (3, 4) wants to move UP
21/09/2014 10:50:53.356 - ResponseLog] - [FINE] - AI responded with move MOVE_RIGHT for turn 85
21/09/2014 10:50:53.356 - ResponseLog] - [FINE] - 0 (3, 21) wants to move RIGHT
21/09/2014 10:50:53.356 - ResponseLog] - [FINE] - tronplayer responded with move MOVE_UP for turn 85
21/09/2014 10:50:53.356 - ResponseLog] - [FINE] - 1 (3, 3) wants to move UP
21/09/2014 10:50:53.444 - ResponseLog] - [FINE] - AI responded with move MOVE_UP for turn 86
21/09/2014 10:50:53.444 - ResponseLog] - [FINE] - 0 (4, 21) wants to move UP
21/09/2014 10:50:53.444 - ResponseLog] - [FINE] - tronplayer responded with move MOVE_UP for turn 86
21/09/2014 10:50:53.444 - ResponseLog] - [FINE] - 1 (3, 2) wants to move UP
21/09/2014 10:50:53.536 - ResponseLog] - [FINE] - AI responded with move MOVE_UP for turn 87
21/09/2014 10:50:53.536 - ResponseLog] - [FINE] - 0 (4, 20) wants to move UP
21/09/2014 10:50:53.536 - ResponseLog] - [FINE] - tronplayer responded with move MOVE_RIGHT for turn 87
21/09/2014 10:50:53.536 - ResponseLog] - [FINE] - 1 (3, 1) wants to move RIGHT
21/09/2014 10:50:53.624 - ResponseLog] - [FINE] - AI responded with move MOVE_UP for turn 88
21/09/2014 10:50:53.624 - ResponseLog] - [FINE] - 0 (4, 19) wants to move UP
21/09/2014 10:50:53.624 - ResponseLog] - [FINE] - tronplayer responded with move MOVE_RIGHT for turn 88
21/09/2014 10:50:53.624 - ResponseLog] - [FINE] - 1 (4, 1) wants to move RIGHT
21/09/2014 10:50:53.712 - ResponseLog] - [FINE] - AI responded with move MOVE_UP for turn 89
21/09/2014 10:50:53.712 - ResponseLog] - [FINE] - 0 (4, 18) wants to move UP
21/09/2014 10:50:53.712 - ResponseLog] - [FINE] - tronplayer responded with move MOVE_RIGHT for turn 89
21/09/2014 10:50:53.713 - ResponseLog] - [FINE] - 1 (5, 1) wants to move RIGHT
21/09/2014 10:50:53.800 - ResponseLog] - [FINE] - AI responded with move MOVE_UP for turn 90
21/09/2014 10:50:53.800 - ResponseLog] - [FINE] - 0 (4, 17) wants to move UP
21/09/2014 10:50:53.800 - ResponseLog] - [FINE] - tronplayer responded with move MOVE_RIGHT for turn 90
21/09/2014 10:50:53.800 - ResponseLog] - [FINE] - 1 (6, 1) wants to move RIGHT
21/09/2014 10:50:53.887 - ResponseLog] - [FINE] - AI responded with move MOVE_UP for turn 91
21/09/2014 10:50:53.888 - ResponseLog] - [FINE] - 0 (4, 16) wants to move UP
21/09/2014 10:50:53.888 - ResponseLog] - [FINE] - tronplayer responded with move MOVE_RIGHT for turn 91
21/09/2014 10:50:53.888 - ResponseLog] - [FINE] - 1 (7, 1) wants to move RIGHT
21/09/2014 10:50:53.972 - ResponseLog] - [FINE] - AI responded with move MOVE_UP for turn 92
21/09/2014 10:50:53.972 - ResponseLog] - [FINE] - 0 (4, 15) wants to move UP
21/09/2014 10:50:53.972 - ResponseLog] - [FINE] - tronplayer responded with move MOVE_RIGHT for turn 92
21/09/2014 10:50:53.972 - ResponseLog] - [FINE] - 1 (8, 1) wants to move RIGHT
21/09/2014 10:50:54.064 - ResponseLog] - [FINE] - AI responded with move MOVE_UP for turn 93
21/09/2014 10:50:54.064 - ResponseLog] - [FINE] - 0 (4, 14) wants to move UP
21/09/2014 10:50:54.064 - ResponseLog] - [FINE] - tronplayer responded with move MOVE_RIGHT for turn 93
21/09/2014 10:50:54.064 - ResponseLog] - [FINE] - 1 (9, 1) wants to move RIGHT
21/09/2014 10:50:54.151 - ResponseLog] - [FINE] - AI responded with move MOVE_RIGHT for turn 94
21/09/2014 10:50:54.152 - ResponseLog] - [FINE] - 0 (4, 13) wants to move RIGHT
21/09/2014 10:50:54.152 - ResponseLog] - [FINE] - tronplayer responded with move MOVE_RIGHT for turn 94
21/09/2014 10:50:54.152 - ResponseLog] - [FINE] - 1 (10, 1) wants to move RIGHT
21/09/2014 10:50:54.240 - ResponseLog] - [FINE] - AI responded with move MOVE_DOWN for turn 95
21/09/2014 10:50:54.240 - ResponseLog] - [FINE] - 0 (5, 13) wants to move DOWN
21/09/2014 10:50:54.240 - ResponseLog] - [FINE] - tronplayer responded with move MOVE_RIGHT for turn 95
21/09/2014 10:50:54.241 - ResponseLog] - [FINE] - 1 (11, 1) wants to move RIGHT
21/09/2014 10:50:54.328 - ResponseLog] - [FINE] - AI responded with move MOVE_DOWN for turn 96
21/09/2014 10:50:54.328 - ResponseLog] - [FINE] - 0 (5, 14) wants to move DOWN
21/09/2014 10:50:54.328 - ResponseLog] - [FINE] - tronplayer responded with move MOVE_DOWN for turn 96
21/09/2014 10:50:54.329 - ResponseLog] - [FINE] - 1 (12, 1) wants to move DOWN
21/09/2014 10:50:54.416 - ResponseLog] - [FINE] - AI responded with move MOVE_DOWN for turn 97
21/09/2014 10:50:54.416 - ResponseLog] - [FINE] - 0 (5, 15) wants to move DOWN
21/09/2014 10:50:54.416 - ResponseLog] - [FINE] - tronplayer responded with move MOVE_DOWN for turn 97
21/09/2014 10:50:54.416 - ResponseLog] - [FINE] - 1 (12, 2) wants to move DOWN
21/09/2014 10:50:54.504 - ResponseLog] - [FINE] - AI responded with move MOVE_DOWN for turn 98
21/09/2014 10:50:54.504 - ResponseLog] - [FINE] - 0 (5, 16) wants to move DOWN
21/09/2014 10:50:54.504 - ResponseLog] - [FINE] - tronplayer responded with move MOVE_DOWN for turn 98
21/09/2014 10:50:54.504 - ResponseLog] - [FINE] - 1 (12, 3) wants to move DOWN
21/09/2014 10:50:54.592 - ResponseLog] - [FINE] - AI responded with move MOVE_DOWN for turn 99
21/09/2014 10:50:54.592 - ResponseLog] - [FINE] - 0 (5, 17) wants to move DOWN
21/09/2014 10:50:54.592 - ResponseLog] - [FINE] - tronplayer responded with move MOVE_DOWN for turn 99
21/09/2014 10:50:54.592 - ResponseLog] - [FINE] - 1 (12, 4) wants to move DOWN
21/09/2014 10:50:54.680 - ResponseLog] - [FINE] - AI responded with move MOVE_DOWN for turn 100
21/09/2014 10:50:54.680 - ResponseLog] - [FINE] - 0 (5, 18) wants to move DOWN
21/09/2014 10:50:54.680 - ResponseLog] - [FINE] - tronplayer responded with move MOVE_DOWN for turn 100
21/09/2014 10:50:54.680 - ResponseLog] - [FINE] - 1 (12, 5) wants to move DOWN
21/09/2014 10:50:54.767 - ResponseLog] - [FINE] - AI responded with move MOVE_DOWN for turn 101
21/09/2014 10:50:54.768 - ResponseLog] - [FINE] - 0 (5, 19) wants to move DOWN
21/09/2014 10:50:54.768 - ResponseLog] - [FINE] - tronplayer responded with move MOVE_DOWN for turn 101
21/09/2014 10:50:54.768 - ResponseLog] - [FINE] - 1 (12, 6) wants to move DOWN
21/09/2014 10:50:54.863 - ResponseLog] - [FINE] - AI responded with move MOVE_DOWN for turn 102
21/09/2014 10:50:54.864 - ResponseLog] - [FINE] - 0 (5, 20) wants to move DOWN
21/09/2014 10:50:54.864 - ResponseLog] - [FINE] - tronplayer responded with move MOVE_DOWN for turn 102
21/09/2014 10:50:54.864 - ResponseLog] - [FINE] - 1 (12, 7) wants to move DOWN
21/09/2014 10:50:54.960 - ResponseLog] - [FINE] - AI responded with move MOVE_RIGHT for turn 103
21/09/2014 10:50:54.960 - ResponseLog] - [FINE] - 0 (5, 21) wants to move RIGHT
21/09/2014 10:50:54.960 - ResponseLog] - [FINE] - tronplayer responded with move MOVE_DOWN for turn 103
21/09/2014 10:50:54.960 - ResponseLog] - [FINE] - 1 (12, 8) wants to move DOWN
21/09/2014 10:50:55.056 - ResponseLog] - [FINE] - AI responded with move MOVE_UP for turn 104
21/09/2014 10:50:55.056 - ResponseLog] - [FINE] - 0 (6, 21) wants to move UP
21/09/2014 10:50:55.056 - ResponseLog] - [FINE] - tronplayer responded with move MOVE_DOWN for turn 104
21/09/2014 10:50:55.056 - ResponseLog] - [FINE] - 1 (12, 9) wants to move DOWN
21/09/2014 10:50:55.147 - ResponseLog] - [FINE] - AI responded with move MOVE_UP for turn 105
21/09/2014 10:50:55.148 - ResponseLog] - [FINE] - 0 (6, 20) wants to move UP
21/09/2014 10:50:55.148 - ResponseLog] - [FINE] - tronplayer responded with move MOVE_DOWN for turn 105
21/09/2014 10:50:55.148 - ResponseLog] - [FINE] - 1 (12, 10) wants to move DOWN
21/09/2014 10:50:55.240 - ResponseLog] - [FINE] - AI responded with move MOVE_UP for turn 106
21/09/2014 10:50:55.240 - ResponseLog] - [FINE] - 0 (6, 19) wants to move UP
21/09/2014 10:50:55.240 - ResponseLog] - [FINE] - tronplayer responded with move MOVE_RIGHT for turn 106
21/09/2014 10:50:55.240 - ResponseLog] - [FINE] - 1 (12, 11) wants to move RIGHT
21/09/2014 10:50:55.324 - ResponseLog] - [FINE] - AI responded with move MOVE_UP for turn 107
21/09/2014 10:50:55.324 - ResponseLog] - [FINE] - 0 (6, 18) wants to move UP
21/09/2014 10:50:55.324 - ResponseLog] - [FINE] - tronplayer responded with move MOVE_UP for turn 107
21/09/2014 10:50:55.324 - ResponseLog] - [FINE] - 1 (13, 11) wants to move UP
21/09/2014 10:50:55.412 - ResponseLog] - [FINE] - AI responded with move MOVE_UP for turn 108
21/09/2014 10:50:55.412 - ResponseLog] - [FINE] - 0 (6, 17) wants to move UP
21/09/2014 10:50:55.412 - ResponseLog] - [FINE] - tronplayer responded with move MOVE_UP for turn 108
21/09/2014 10:50:55.412 - ResponseLog] - [FINE] - 1 (13, 10) wants to move UP
21/09/2014 10:50:55.499 - ResponseLog] - [FINE] - AI responded with move MOVE_RIGHT for turn 109
21/09/2014 10:50:55.500 - ResponseLog] - [FINE] - 0 (6, 16) wants to move RIGHT
21/09/2014 10:50:55.500 - ResponseLog] - [FINE] - tronplayer responded with move MOVE_UP for turn 109
21/09/2014 10:50:55.500 - ResponseLog] - [FINE] - 1 (13, 9) wants to move UP
21/09/2014 10:50:55.588 - ResponseLog] - [FINE] - AI responded with move MOVE_UP for turn 110
21/09/2014 10:50:55.588 - ResponseLog] - [FINE] - 0 (7, 16) wants to move UP
21/09/2014 10:50:55.588 - ResponseLog] - [FINE] - tronplayer responded with move MOVE_UP for turn 110
21/09/2014 10:50:55.588 - ResponseLog] - [FINE] - 1 (13, 8) wants to move UP
21/09/2014 10:50:55.676 - ResponseLog] - [FINE] - AI responded with move MOVE_UP for turn 111
21/09/2014 10:50:55.676 - ResponseLog] - [FINE] - 0 (7, 15) wants to move UP
21/09/2014 10:50:55.676 - ResponseLog] - [FINE] - tronplayer responded with move MOVE_UP for turn 111
21/09/2014 10:50:55.676 - ResponseLog] - [FINE] - 1 (13, 7) wants to move UP
21/09/2014 10:50:55.759 - ResponseLog] - [FINE] - AI responded with move MOVE_LEFT for turn 112
21/09/2014 10:50:55.760 - ResponseLog] - [FINE] - 0 (7, 14) wants to move LEFT
21/09/2014 10:50:55.760 - ResponseLog] - [FINE] - tronplayer responded with move MOVE_UP for turn 112
21/09/2014 10:50:55.760 - ResponseLog] - [FINE] - 1 (13, 6) wants to move UP
21/09/2014 10:50:55.848 - ResponseLog] - [FINE] - AI responded with move MOVE_UP for turn 113
21/09/2014 10:50:55.848 - ResponseLog] - [FINE] - 0 (6, 14) wants to move UP
21/09/2014 10:50:55.848 - ResponseLog] - [FINE] - tronplayer responded with move MOVE_UP for turn 113
21/09/2014 10:50:55.848 - ResponseLog] - [FINE] - 1 (13, 5) wants to move UP
21/09/2014 10:50:55.932 - ResponseLog] - [FINE] - AI responded with move MOVE_RIGHT for turn 114
21/09/2014 10:50:55.932 - ResponseLog] - [FINE] - 0 (6, 13) wants to move RIGHT
21/09/2014 10:50:55.932 - ResponseLog] - [FINE] - tronplayer responded with move MOVE_UP for turn 114
21/09/2014 10:50:55.932 - ResponseLog] - [FINE] - 1 (13, 4) wants to move UP
21/09/2014 10:50:56.019 - ResponseLog] - [FINE] - AI responded with move MOVE_UP for turn 115
21/09/2014 10:50:56.020 - ResponseLog] - [FINE] - 0 (7, 13) wants to move UP
21/09/2014 10:50:56.020 - ResponseLog] - [FINE] - tronplayer responded with move MOVE_UP for turn 115
21/09/2014 10:50:56.020 - ResponseLog] - [FINE] - 1 (13, 3) wants to move UP
21/09/2014 10:50:56.107 - ResponseLog] - [FINE] - AI responded with move MOVE_UP for turn 116
21/09/2014 10:50:56.108 - ResponseLog] - [FINE] - 0 (7, 12) wants to move UP
21/09/2014 10:50:56.108 - ResponseLog] - [FINE] - tronplayer responded with move MOVE_UP for turn 116
21/09/2014 10:50:56.108 - ResponseLog] - [FINE] - 1 (13, 2) wants to move UP
21/09/2014 10:50:56.200 - ResponseLog] - [FINE] - AI responded with move MOVE_UP for turn 117
21/09/2014 10:50:56.200 - ResponseLog] - [FINE] - 0 (7, 11) wants to move UP
21/09/2014 10:50:56.200 - ResponseLog] - [FINE] - tronplayer responded with move MOVE_RIGHT for turn 117
21/09/2014 10:50:56.200 - ResponseLog] - [FINE] - 1 (13, 1) wants to move RIGHT
21/09/2014 10:50:56.287 - ResponseLog] - [FINE] - AI responded with move MOVE_RIGHT for turn 118
21/09/2014 10:50:56.288 - ResponseLog] - [FINE] - 0 (7, 10) wants to move RIGHT
21/09/2014 10:50:56.288 - ResponseLog] - [FINE] - tronplayer responded with move MOVE_DOWN for turn 118
21/09/2014 10:50:56.288 - ResponseLog] - [FINE] - 1 (14, 1) wants to move DOWN
21/09/2014 10:50:56.371 - ResponseLog] - [FINE] - AI responded with move MOVE_DOWN for turn 119
21/09/2014 10:50:56.372 - ResponseLog] - [FINE] - 0 (8, 10) wants to move DOWN
21/09/2014 10:50:56.372 - ResponseLog] - [FINE] - tronplayer responded with move MOVE_DOWN for turn 119
21/09/2014 10:50:56.372 - ResponseLog] - [FINE] - 1 (14, 2) wants to move DOWN
21/09/2014 10:50:56.455 - ResponseLog] - [FINE] - AI responded with move MOVE_RIGHT for turn 120
21/09/2014 10:50:56.456 - ResponseLog] - [FINE] - 0 (8, 11) wants to move RIGHT
21/09/2014 10:50:56.456 - ResponseLog] - [FINE] - tronplayer responded with move MOVE_DOWN for turn 120
21/09/2014 10:50:56.456 - ResponseLog] - [FINE] - 1 (14, 3) wants to move DOWN
21/09/2014 10:50:56.547 - ResponseLog] - [FINE] - AI responded with move MOVE_DOWN for turn 121
21/09/2014 10:50:56.548 - ResponseLog] - [FINE] - 0 (9, 11) wants to move DOWN
21/09/2014 10:50:56.548 - ResponseLog] - [FINE] - tronplayer responded with move MOVE_DOWN for turn 121
21/09/2014 10:50:56.548 - ResponseLog] - [FINE] - 1 (14, 4) wants to move DOWN
21/09/2014 10:50:56.636 - ResponseLog] - [FINE] - AI responded with move MOVE_DOWN for turn 122
21/09/2014 10:50:56.636 - ResponseLog] - [FINE] - 0 (9, 12) wants to move DOWN
21/09/2014 10:50:56.636 - ResponseLog] - [FINE] - tronplayer responded with move MOVE_DOWN for turn 122
21/09/2014 10:50:56.636 - ResponseLog] - [FINE] - 1 (14, 5) wants to move DOWN
21/09/2014 10:50:56.719 - ResponseLog] - [FINE] - AI responded with move MOVE_DOWN for turn 123
21/09/2014 10:50:56.720 - ResponseLog] - [FINE] - 0 (9, 13) wants to move DOWN
21/09/2014 10:50:56.720 - ResponseLog] - [FINE] - tronplayer responded with move MOVE_DOWN for turn 123
21/09/2014 10:50:56.720 - ResponseLog] - [FINE] - 1 (14, 6) wants to move DOWN
21/09/2014 10:50:56.808 - ResponseLog] - [FINE] - AI responded with move MOVE_DOWN for turn 124
21/09/2014 10:50:56.808 - ResponseLog] - [FINE] - 0 (9, 14) wants to move DOWN
21/09/2014 10:50:56.808 - ResponseLog] - [FINE] - tronplayer responded with move MOVE_DOWN for turn 124
21/09/2014 10:50:56.808 - ResponseLog] - [FINE] - 1 (14, 7) wants to move DOWN
21/09/2014 10:50:56.896 - ResponseLog] - [FINE] - AI responded with move MOVE_DOWN for turn 125
21/09/2014 10:50:56.896 - ResponseLog] - [FINE] - 0 (9, 15) wants to move DOWN
21/09/2014 10:50:56.896 - ResponseLog] - [FINE] - tronplayer responded with move MOVE_RIGHT for turn 125
21/09/2014 10:50:56.896 - ResponseLog] - [FINE] - 1 (14, 8) wants to move RIGHT
21/09/2014 10:50:56.996 - ResponseLog] - [FINE] - AI responded with move MOVE_DOWN for turn 126
21/09/2014 10:50:56.996 - ResponseLog] - [FINE] - 0 (9, 16) wants to move DOWN
21/09/2014 10:50:56.996 - ResponseLog] - [FINE] - tronplayer responded with move MOVE_UP for turn 126
21/09/2014 10:50:56.996 - ResponseLog] - [FINE] - 1 (15, 8) wants to move UP
21/09/2014 10:50:57.088 - ResponseLog] - [FINE] - AI responded with move MOVE_DOWN for turn 127
21/09/2014 10:50:57.088 - ResponseLog] - [FINE] - 0 (9, 17) wants to move DOWN
21/09/2014 10:50:57.088 - ResponseLog] - [FINE] - tronplayer responded with move MOVE_UP for turn 127
21/09/2014 10:50:57.088 - ResponseLog] - [FINE] - 1 (15, 7) wants to move UP
21/09/2014 10:50:57.184 - ResponseLog] - [FINE] - AI responded with move MOVE_DOWN for turn 128
21/09/2014 10:50:57.184 - ResponseLog] - [FINE] - 0 (9, 18) wants to move DOWN
21/09/2014 10:50:57.185 - ResponseLog] - [FINE] - tronplayer responded with move MOVE_UP for turn 128
21/09/2014 10:50:57.185 - ResponseLog] - [FINE] - 1 (15, 6) wants to move UP
21/09/2014 10:50:57.272 - ResponseLog] - [FINE] - AI responded with move MOVE_DOWN for turn 129
21/09/2014 10:50:57.272 - ResponseLog] - [FINE] - 0 (9, 19) wants to move DOWN
21/09/2014 10:50:57.272 - ResponseLog] - [FINE] - tronplayer responded with move MOVE_UP for turn 129
21/09/2014 10:50:57.272 - ResponseLog] - [FINE] - 1 (15, 5) wants to move UP
21/09/2014 10:50:57.360 - ResponseLog] - [FINE] - AI responded with move MOVE_LEFT for turn 130
21/09/2014 10:50:57.360 - ResponseLog] - [FINE] - 0 (9, 20) wants to move LEFT
21/09/2014 10:50:57.360 - ResponseLog] - [FINE] - tronplayer responded with move MOVE_UP for turn 130
21/09/2014 10:50:57.360 - ResponseLog] - [FINE] - 1 (15, 4) wants to move UP
21/09/2014 10:50:57.448 - ResponseLog] - [FINE] - AI responded with move MOVE_UP for turn 131
21/09/2014 10:50:57.448 - ResponseLog] - [FINE] - 0 (8, 20) wants to move UP
21/09/2014 10:50:57.448 - ResponseLog] - [FINE] - tronplayer responded with move MOVE_UP for turn 131
21/09/2014 10:50:57.448 - ResponseLog] - [FINE] - 1 (15, 3) wants to move UP
21/09/2014 10:50:57.536 - ResponseLog] - [FINE] - AI responded with move MOVE_UP for turn 132
21/09/2014 10:50:57.536 - ResponseLog] - [FINE] - 0 (8, 19) wants to move UP
21/09/2014 10:50:57.536 - ResponseLog] - [FINE] - tronplayer responded with move MOVE_UP for turn 132
21/09/2014 10:50:57.536 - ResponseLog] - [FINE] - 1 (15, 2) wants to move UP
21/09/2014 10:50:57.624 - ResponseLog] - [FINE] - AI responded with move MOVE_UP for turn 133
21/09/2014 10:50:57.624 - ResponseLog] - [FINE] - 0 (8, 18) wants to move UP
21/09/2014 10:50:57.624 - ResponseLog] - [FINE] - tronplayer responded with move MOVE_RIGHT for turn 133
21/09/2014 10:50:57.624 - ResponseLog] - [FINE] - 1 (15, 1) wants to move RIGHT
21/09/2014 10:50:57.716 - ResponseLog] - [FINE] - AI responded with move MOVE_LEFT for turn 134
21/09/2014 10:50:57.716 - ResponseLog] - [FINE] - 0 (8, 17) wants to move LEFT
21/09/2014 10:50:57.716 - ResponseLog] - [FINE] - tronplayer responded with move MOVE_DOWN for turn 134
21/09/2014 10:50:57.716 - ResponseLog] - [FINE] - 1 (16, 1) wants to move DOWN
21/09/2014 10:50:57.800 - ResponseLog] - [FINE] - AI responded with move MOVE_DOWN for turn 135
21/09/2014 10:50:57.800 - ResponseLog] - [FINE] - 0 (7, 17) wants to move DOWN
21/09/2014 10:50:57.800 - ResponseLog] - [FINE] - tronplayer responded with move MOVE_DOWN for turn 135
21/09/2014 10:50:57.800 - ResponseLog] - [FINE] - 1 (16, 2) wants to move DOWN
21/09/2014 10:50:57.883 - ResponseLog] - [FINE] - AI responded with move MOVE_DOWN for turn 136
21/09/2014 10:50:57.884 - ResponseLog] - [FINE] - 0 (7, 18) wants to move DOWN
21/09/2014 10:50:57.884 - ResponseLog] - [FINE] - tronplayer responded with move MOVE_DOWN for turn 136
21/09/2014 10:50:57.884 - ResponseLog] - [FINE] - 1 (16, 3) wants to move DOWN
21/09/2014 10:50:57.968 - ResponseLog] - [FINE] - AI responded with move MOVE_DOWN for turn 137
21/09/2014 10:50:57.968 - ResponseLog] - [FINE] - 0 (7, 19) wants to move DOWN
21/09/2014 10:50:57.968 - ResponseLog] - [FINE] - tronplayer responded with move MOVE_DOWN for turn 137
21/09/2014 10:50:57.968 - ResponseLog] - [FINE] - 1 (16, 4) wants to move DOWN
21/09/2014 10:50:58.056 - ResponseLog] - [FINE] - AI responded with move MOVE_DOWN for turn 138
21/09/2014 10:50:58.056 - ResponseLog] - [FINE] - 0 (7, 20) wants to move DOWN
21/09/2014 10:50:58.056 - ResponseLog] - [FINE] - tronplayer responded with move MOVE_DOWN for turn 138
21/09/2014 10:50:58.056 - ResponseLog] - [FINE] - 1 (16, 5) wants to move DOWN
21/09/2014 10:50:58.140 - ResponseLog] - [FINE] - AI responded with move MOVE_RIGHT for turn 139
21/09/2014 10:50:58.140 - ResponseLog] - [FINE] - 0 (7, 21) wants to move RIGHT
21/09/2014 10:50:58.140 - ResponseLog] - [FINE] - tronplayer responded with move MOVE_RIGHT for turn 139
21/09/2014 10:50:58.140 - ResponseLog] - [FINE] - 1 (16, 6) wants to move RIGHT
21/09/2014 10:50:58.224 - ResponseLog] - [FINE] - AI responded with move MOVE_RIGHT for turn 140
21/09/2014 10:50:58.224 - ResponseLog] - [FINE] - 0 (8, 21) wants to move RIGHT
21/09/2014 10:50:58.224 - ResponseLog] - [FINE] - tronplayer responded with move MOVE_UP for turn 140
21/09/2014 10:50:58.224 - ResponseLog] - [FINE] - 1 (17, 6) wants to move UP
21/09/2014 10:50:58.319 - ResponseLog] - [FINE] - AI responded with move MOVE_RIGHT for turn 141
21/09/2014 10:50:58.320 - ResponseLog] - [FINE] - 0 (9, 21) wants to move RIGHT
21/09/2014 10:50:58.320 - ResponseLog] - [FINE] - tronplayer responded with move MOVE_UP for turn 141
21/09/2014 10:50:58.320 - ResponseLog] - [FINE] - 1 (17, 5) wants to move UP
21/09/2014 10:50:58.404 - ResponseLog] - [FINE] - AI responded with move MOVE_RIGHT for turn 142
21/09/2014 10:50:58.404 - ResponseLog] - [FINE] - 0 (10, 21) wants to move RIGHT
21/09/2014 10:50:58.404 - ResponseLog] - [FINE] - tronplayer responded with move MOVE_UP for turn 142
21/09/2014 10:50:58.404 - ResponseLog] - [FINE] - 1 (17, 4) wants to move UP
21/09/2014 10:50:58.487 - ResponseLog] - [FINE] - AI responded with move MOVE_UP for turn 143
21/09/2014 10:50:58.488 - ResponseLog] - [FINE] - 0 (11, 21) wants to move UP
21/09/2014 10:50:58.488 - ResponseLog] - [FINE] - tronplayer responded with move MOVE_UP for turn 143
21/09/2014 10:50:58.488 - ResponseLog] - [FINE] - 1 (17, 3) wants to move UP
21/09/2014 10:50:58.579 - ResponseLog] - [FINE] - AI responded with move MOVE_UP for turn 144
21/09/2014 10:50:58.580 - ResponseLog] - [FINE] - 0 (11, 20) wants to move UP
21/09/2014 10:50:58.580 - ResponseLog] - [FINE] - tronplayer responded with move MOVE_UP for turn 144
21/09/2014 10:50:58.580 - ResponseLog] - [FINE] - 1 (17, 2) wants to move UP
21/09/2014 10:50:58.663 - ResponseLog] - [FINE] - AI responded with move MOVE_LEFT for turn 145
21/09/2014 10:50:58.664 - ResponseLog] - [FINE] - 0 (11, 19) wants to move LEFT
21/09/2014 10:50:58.664 - ResponseLog] - [FINE] - tronplayer responded with move MOVE_RIGHT for turn 145
21/09/2014 10:50:58.664 - ResponseLog] - [FINE] - 1 (17, 1) wants to move RIGHT
21/09/2014 10:50:58.756 - ResponseLog] - [FINE] - AI responded with move MOVE_UP for turn 146
21/09/2014 10:50:58.756 - ResponseLog] - [FINE] - 0 (10, 19) wants to move UP
21/09/2014 10:50:58.756 - ResponseLog] - [FINE] - tronplayer responded with move MOVE_DOWN for turn 146
21/09/2014 10:50:58.756 - ResponseLog] - [FINE] - 1 (18, 1) wants to move DOWN
21/09/2014 10:50:58.845 - ResponseLog] - [FINE] - AI responded with move MOVE_UP for turn 147
21/09/2014 10:50:58.845 - ResponseLog] - [FINE] - 0 (10, 18) wants to move UP
21/09/2014 10:50:58.849 - ResponseLog] - [FINE] - tronplayer responded with move MOVE_DOWN for turn 147
21/09/2014 10:50:58.849 - ResponseLog] - [FINE] - 1 (18, 2) wants to move DOWN
21/09/2014 10:50:58.940 - ResponseLog] - [FINE] - AI responded with move MOVE_UP for turn 148
21/09/2014 10:50:58.940 - ResponseLog] - [FINE] - 0 (10, 17) wants to move UP
21/09/2014 10:50:58.940 - ResponseLog] - [FINE] - tronplayer responded with move MOVE_DOWN for turn 148
21/09/2014 10:50:58.940 - ResponseLog] - [FINE] - 1 (18, 3) wants to move DOWN
21/09/2014 10:50:59.023 - ResponseLog] - [FINE] - AI responded with move MOVE_UP for turn 149
21/09/2014 10:50:59.024 - ResponseLog] - [FINE] - 0 (10, 16) wants to move UP
21/09/2014 10:50:59.024 - ResponseLog] - [FINE] - tronplayer responded with move MOVE_DOWN for turn 149
21/09/2014 10:50:59.024 - ResponseLog] - [FINE] - 1 (18, 4) wants to move DOWN
21/09/2014 10:50:59.107 - ResponseLog] - [FINE] - AI responded with move MOVE_UP for turn 150
21/09/2014 10:50:59.108 - ResponseLog] - [FINE] - 0 (10, 15) wants to move UP
21/09/2014 10:50:59.108 - ResponseLog] - [FINE] - tronplayer responded with move MOVE_DOWN for turn 150
21/09/2014 10:50:59.108 - ResponseLog] - [FINE] - 1 (18, 5) wants to move DOWN
21/09/2014 10:50:59.191 - ResponseLog] - [FINE] - AI responded with move MOVE_UP for turn 151
21/09/2014 10:50:59.192 - ResponseLog] - [FINE] - 0 (10, 14) wants to move UP
21/09/2014 10:50:59.192 - ResponseLog] - [FINE] - tronplayer responded with move MOVE_DOWN for turn 151
21/09/2014 10:50:59.192 - ResponseLog] - [FINE] - 1 (18, 6) wants to move DOWN
21/09/2014 10:50:59.275 - ResponseLog] - [FINE] - AI responded with move MOVE_UP for turn 152
21/09/2014 10:50:59.276 - ResponseLog] - [FINE] - 0 (10, 13) wants to move UP
21/09/2014 10:50:59.276 - ResponseLog] - [FINE] - tronplayer responded with move MOVE_DOWN for turn 152
21/09/2014 10:50:59.276 - ResponseLog] - [FINE] - 1 (18, 7) wants to move DOWN
21/09/2014 10:50:59.359 - ResponseLog] - [FINE] - AI responded with move MOVE_UP for turn 153
21/09/2014 10:50:59.360 - ResponseLog] - [FINE] - 0 (10, 12) wants to move UP
21/09/2014 10:50:59.360 - ResponseLog] - [FINE] - tronplayer responded with move MOVE_RIGHT for turn 153
21/09/2014 10:50:59.360 - ResponseLog] - [FINE] - 1 (18, 8) wants to move RIGHT
21/09/2014 10:50:59.444 - ResponseLog] - [FINE] - AI responded with move MOVE_UP for turn 154
21/09/2014 10:50:59.444 - ResponseLog] - [FINE] - 0 (10, 11) wants to move UP
21/09/2014 10:50:59.444 - ResponseLog] - [FINE] - tronplayer responded with move MOVE_UP for turn 154
21/09/2014 10:50:59.444 - ResponseLog] - [FINE] - 1 (19, 8) wants to move UP
21/09/2014 10:50:59.528 - ResponseLog] - [FINE] - AI responded with move MOVE_UP for turn 155
21/09/2014 10:50:59.528 - ResponseLog] - [FINE] - 0 (10, 10) wants to move UP
21/09/2014 10:50:59.528 - ResponseLog] - [FINE] - tronplayer responded with move MOVE_UP for turn 155
21/09/2014 10:50:59.528 - ResponseLog] - [FINE] - 1 (19, 7) wants to move UP
21/09/2014 10:50:59.616 - ResponseLog] - [FINE] - AI responded with move MOVE_UP for turn 156
21/09/2014 10:50:59.616 - ResponseLog] - [FINE] - 0 (10, 9) wants to move UP
21/09/2014 10:50:59.616 - ResponseLog] - [FINE] - tronplayer responded with move MOVE_UP for turn 156
21/09/2014 10:50:59.616 - ResponseLog] - [FINE] - 1 (19, 6) wants to move UP
21/09/2014 10:50:59.700 - ResponseLog] - [FINE] - AI responded with move MOVE_UP for turn 157
21/09/2014 10:50:59.700 - ResponseLog] - [FINE] - 0 (10, 8) wants to move UP
21/09/2014 10:50:59.700 - ResponseLog] - [FINE] - tronplayer responded with move MOVE_UP for turn 157
21/09/2014 10:50:59.700 - ResponseLog] - [FINE] - 1 (19, 5) wants to move UP
21/09/2014 10:50:59.788 - ResponseLog] - [FINE] - AI responded with move MOVE_UP for turn 158
21/09/2014 10:50:59.789 - ResponseLog] - [FINE] - 0 (10, 7) wants to move UP
21/09/2014 10:50:59.789 - ResponseLog] - [FINE] - tronplayer responded with move MOVE_UP for turn 158
21/09/2014 10:50:59.789 - ResponseLog] - [FINE] - 1 (19, 4) wants to move UP
21/09/2014 10:50:59.872 - ResponseLog] - [FINE] - AI responded with move MOVE_UP for turn 159
21/09/2014 10:50:59.872 - ResponseLog] - [FINE] - 0 (10, 6) wants to move UP
21/09/2014 10:50:59.872 - ResponseLog] - [FINE] - tronplayer responded with move MOVE_UP for turn 159
21/09/2014 10:50:59.873 - ResponseLog] - [FINE] - 1 (19, 3) wants to move UP
21/09/2014 10:50:59.955 - ResponseLog] - [FINE] - AI responded with move MOVE_UP for turn 160
21/09/2014 10:50:59.956 - ResponseLog] - [FINE] - 0 (10, 5) wants to move UP
21/09/2014 10:50:59.956 - ResponseLog] - [FINE] - tronplayer responded with move MOVE_UP for turn 160
21/09/2014 10:50:59.956 - ResponseLog] - [FINE] - 1 (19, 2) wants to move UP
21/09/2014 10:51:00.039 - ResponseLog] - [FINE] - AI responded with move MOVE_LEFT for turn 161
21/09/2014 10:51:00.040 - ResponseLog] - [FINE] - 0 (10, 4) wants to move LEFT
21/09/2014 10:51:00.040 - ResponseLog] - [FINE] - tronplayer responded with move MOVE_RIGHT for turn 161
21/09/2014 10:51:00.040 - ResponseLog] - [FINE] - 1 (19, 1) wants to move RIGHT
21/09/2014 10:51:00.124 - ResponseLog] - [FINE] - AI responded with move MOVE_LEFT for turn 162
21/09/2014 10:51:00.124 - ResponseLog] - [FINE] - 0 (9, 4) wants to move LEFT
21/09/2014 10:51:00.124 - ResponseLog] - [FINE] - tronplayer responded with move MOVE_DOWN for turn 162
21/09/2014 10:51:00.124 - ResponseLog] - [FINE] - 1 (20, 1) wants to move DOWN
21/09/2014 10:51:00.208 - ResponseLog] - [FINE] - AI responded with move MOVE_LEFT for turn 163
21/09/2014 10:51:00.208 - ResponseLog] - [FINE] - 0 (8, 4) wants to move LEFT
21/09/2014 10:51:00.208 - ResponseLog] - [FINE] - tronplayer responded with move MOVE_DOWN for turn 163
21/09/2014 10:51:00.208 - ResponseLog] - [FINE] - 1 (20, 2) wants to move DOWN
21/09/2014 10:51:00.291 - ResponseLog] - [FINE] - AI responded with move SAME_DIRECTION for turn 164
21/09/2014 10:51:00.292 - ResponseLog] - [FINE] - 0 (7, 4) wants to move LEFT
21/09/2014 10:51:00.292 - ResponseLog] - [FINE] - tronplayer responded with move MOVE_DOWN for turn 164
21/09/2014 10:51:00.292 - ResponseLog] - [FINE] - 1 (20, 3) wants to move DOWN
21/09/2014 10:51:00.376 - ResponseLog] - [FINE] - AI responded with move SAME_DIRECTION for turn 165
21/09/2014 10:51:00.376 - ResponseLog] - [FINE] - 0 (6, 4) wants to move LEFT
21/09/2014 10:51:00.376 - ResponseLog] - [FINE] - tronplayer responded with move MOVE_DOWN for turn 165
21/09/2014 10:51:00.376 - ResponseLog] - [FINE] - 1 (20, 4) wants to move DOWN
21/09/2014 10:51:00.464 - ResponseLog] - [FINE] - AI responded with move SAME_DIRECTION for turn 166
21/09/2014 10:51:00.464 - ResponseLog] - [FINE] - 0 (5, 4) wants to move LEFT
21/09/2014 10:51:00.464 - ResponseLog] - [FINE] - tronplayer responded with move MOVE_DOWN for turn 166
21/09/2014 10:51:00.464 - ResponseLog] - [FINE] - 1 (20, 5) wants to move DOWN
21/09/2014 10:51:00.548 - ResponseLog] - [FINE] - AI responded with move SAME_DIRECTION for turn 167
21/09/2014 10:51:00.548 - ResponseLog] - [FINE] - 0 (4, 4) wants to move LEFT
21/09/2014 10:51:00.548 - ResponseLog] - [FINE] - tronplayer responded with move MOVE_DOWN for turn 167
21/09/2014 10:51:00.548 - ResponseLog] - [FINE] - 1 (20, 6) wants to move DOWN
21/09/2014 10:51:00.632 - ResponseLog] - [FINE] - AI responded with move SAME_DIRECTION for turn 168
21/09/2014 10:51:00.632 - ResponseLog] - [FINE] - 0 (4, 4) wants to move LEFT
21/09/2014 10:51:00.632 - ResponseLog] - [FINE] - tronplayer responded with move MOVE_RIGHT for turn 168
21/09/2014 10:51:00.632 - ResponseLog] - [FINE] - 1 (20, 7) wants to move RIGHT
21/09/2014 10:51:00.732 - ResponseLog] - [FINE] - AI responded with move SAME_DIRECTION for turn 169
21/09/2014 10:51:00.732 - ResponseLog] - [FINE] - 0 (4, 4) wants to move LEFT
21/09/2014 10:51:00.732 - ResponseLog] - [FINE] - tronplayer responded with move MOVE_DOWN for turn 169
21/09/2014 10:51:00.732 - ResponseLog] - [FINE] - 1 (21, 7) wants to move DOWN
21/09/2014 10:51:00.816 - ResponseLog] - [FINE] - AI responded with move SAME_DIRECTION for turn 170
21/09/2014 10:51:00.816 - ResponseLog] - [FINE] - 0 (4, 4) wants to move LEFT
21/09/2014 10:51:00.816 - ResponseLog] - [FINE] - tronplayer responded with move MOVE_LEFT for turn 170
21/09/2014 10:51:00.816 - ResponseLog] - [FINE] - 1 (21, 8) wants to move LEFT
21/09/2014 10:51:00.900 - ResponseLog] - [FINE] - AI responded with move SAME_DIRECTION for turn 171
21/09/2014 10:51:00.900 - ResponseLog] - [FINE] - 0 (4, 4) wants to move LEFT
21/09/2014 10:51:00.900 - ResponseLog] - [FINE] - tronplayer responded with move MOVE_DOWN for turn 171
21/09/2014 10:51:00.900 - ResponseLog] - [FINE] - 1 (20, 8) wants to move DOWN
21/09/2014 10:51:00.984 - ResponseLog] - [FINE] - AI responded with move SAME_DIRECTION for turn 172
21/09/2014 10:51:00.984 - ResponseLog] - [FINE] - 0 (4, 4) wants to move LEFT
21/09/2014 10:51:00.984 - ResponseLog] - [FINE] - tronplayer responded with move MOVE_RIGHT for turn 172
21/09/2014 10:51:00.984 - ResponseLog] - [FINE] - 1 (20, 9) wants to move RIGHT
21/09/2014 10:51:01.068 - ResponseLog] - [FINE] - AI responded with move SAME_DIRECTION for turn 173
21/09/2014 10:51:01.068 - ResponseLog] - [FINE] - 0 (4, 4) wants to move LEFT
21/09/2014 10:51:01.068 - ResponseLog] - [FINE] - tronplayer responded with move MOVE_DOWN for turn 173
21/09/2014 10:51:01.068 - ResponseLog] - [FINE] - 1 (21, 9) wants to move DOWN
21/09/2014 10:51:01.152 - ResponseLog] - [FINE] - AI responded with move SAME_DIRECTION for turn 174
21/09/2014 10:51:01.152 - ResponseLog] - [FINE] - 0 (4, 4) wants to move LEFT
21/09/2014 10:51:01.152 - ResponseLog] - [FINE] - tronplayer responded with move MOVE_DOWN for turn 174
21/09/2014 10:51:01.152 - ResponseLog] - [FINE] - 1 (21, 10) wants to move DOWN
21/09/2014 10:51:01.243 - ResponseLog] - [FINE] - AI responded with move SAME_DIRECTION for turn 175
21/09/2014 10:51:01.244 - ResponseLog] - [FINE] - 0 (4, 4) wants to move LEFT
21/09/2014 10:51:01.244 - ResponseLog] - [FINE] - tronplayer responded with move MOVE_DOWN for turn 175
21/09/2014 10:51:01.244 - ResponseLog] - [FINE] - 1 (21, 11) wants to move DOWN
21/09/2014 10:51:01.336 - ResponseLog] - [FINE] - AI responded with move SAME_DIRECTION for turn 176
21/09/2014 10:51:01.336 - ResponseLog] - [FINE] - 0 (4, 4) wants to move LEFT
21/09/2014 10:51:01.336 - ResponseLog] - [FINE] - tronplayer responded with move MOVE_DOWN for turn 176
21/09/2014 10:51:01.336 - ResponseLog] - [FINE] - 1 (21, 12) wants to move DOWN
